TN:
SF:src/agi_ui_engine/index.ts
FNF:0
FNH:0
DA:10,0
DA:26,0
DA:29,0
DA:32,0
DA:35,0
DA:38,0
DA:44,0
DA:50,0
DA:57,0
DA:63,0
DA:66,0
DA:80,0
DA:84,0
DA:91,0
DA:98,0
DA:104,0
DA:110,0
DA:114,0
DA:117,0
LF:19
LH:0
BRF:0
BRH:0
end_of_record
TN:
SF:src/agi_ui_engine/config/ABSOLUTE_MAX_UI_MODE.ts
FNF:0
FNH:0
DA:80,0
LF:1
LH:0
BRF:0
BRH:0
end_of_record
TN:
SF:src/api/admin-api.ts
FN:39,(anonymous_0)
FN:63,(anonymous_1)
FN:79,(anonymous_2)
FN:94,(anonymous_3)
FN:113,(anonymous_4)
FN:140,(anonymous_5)
FN:172,(anonymous_6)
FN:194,(anonymous_7)
FN:218,(anonymous_8)
FNF:9
FNH:0
FNDA:0,(anonymous_0)
FNDA:0,(anonymous_1)
FNDA:0,(anonymous_2)
FNDA:0,(anonymous_3)
FNDA:0,(anonymous_4)
FNDA:0,(anonymous_5)
FNDA:0,(anonymous_6)
FNDA:0,(anonymous_7)
FNDA:0,(anonymous_8)
DA:11,0
DA:40,0
DA:41,0
DA:42,0
DA:44,0
DA:45,0
DA:47,0
DA:64,0
DA:65,0
DA:70,0
DA:71,0
DA:80,0
DA:81,0
DA:84,0
DA:86,0
DA:87,0
DA:88,0
DA:95,0
DA:96,0
DA:102,0
DA:103,0
DA:104,0
DA:120,0
DA:121,0
DA:129,0
DA:131,0
DA:132,0
DA:133,0
DA:150,0
DA:151,0
DA:161,0
DA:163,0
DA:164,0
DA:165,0
DA:182,0
DA:183,0
DA:185,0
DA:186,0
DA:187,0
DA:198,0
DA:199,0
DA:207,0
DA:209,0
DA:210,0
DA:211,0
DA:230,0
DA:231,0
DA:232,0
DA:233,0
DA:235,0
DA:244,0
DA:246,0
DA:247,0
DA:248,0
DA:253,0
LF:55
LH:0
BRDA:44,0,0,0
BRDA:44,0,1,0
BRDA:70,1,0,0
BRDA:70,1,1,0
BRDA:79,2,0,0
BRDA:86,3,0,0
BRDA:86,3,1,0
BRDA:99,4,0,0
BRDA:99,4,1,0
BRDA:102,5,0,0
BRDA:102,5,1,0
BRDA:126,6,0,0
BRDA:126,6,1,0
BRDA:131,7,0,0
BRDA:131,7,1,0
BRDA:163,8,0,0
BRDA:163,8,1,0
BRDA:185,9,0,0
BRDA:185,9,1,0
BRDA:209,10,0,0
BRDA:209,10,1,0
BRDA:220,11,0,0
BRDA:232,12,0,0
BRDA:232,12,1,0
BRDA:246,13,0,0
BRDA:246,13,1,0
BRF:26
BRH:0
end_of_record
TN:
SF:src/api/adoption-api-strict.ts
FN:41,(anonymous_0)
FNF:1
FNH:0
FNDA:0,(anonymous_0)
DA:23,0
DA:46,0
DA:47,0
DA:54,0
DA:56,0
DA:57,0
DA:58,0
LF:7
LH:0
BRDA:56,0,0,0
BRDA:56,0,1,0
BRF:2
BRH:0
end_of_record
TN:
SF:src/api/adoption-api.ts
FN:60,(anonymous_0)
FN:70,(anonymous_1)
FN:95,(anonymous_2)
FN:113,(anonymous_3)
FN:129,(anonymous_4)
FN:145,(anonymous_5)
FN:159,(anonymous_6)
FN:175,(anonymous_7)
FN:192,(anonymous_8)
FN:205,(anonymous_9)
FN:224,(anonymous_10)
FN:238,(anonymous_11)
FNF:12
FNH:0
FNDA:0,(anonymous_0)
FNDA:0,(anonymous_1)
FNDA:0,(anonymous_2)
FNDA:0,(anonymous_3)
FNDA:0,(anonymous_4)
FNDA:0,(anonymous_5)
FNDA:0,(anonymous_6)
FNDA:0,(anonymous_7)
FNDA:0,(anonymous_8)
FNDA:0,(anonymous_9)
FNDA:0,(anonymous_10)
FNDA:0,(anonymous_11)
DA:12,0
DA:63,0
DA:64,0
DA:65,0
DA:66,0
DA:67,0
DA:68,0
DA:69,0
DA:70,0
DA:72,0
DA:73,0
DA:74,0
DA:75,0
DA:76,0
DA:77,0
DA:78,0
DA:80,0
DA:81,0
DA:84,0
DA:86,0
DA:87,0
DA:88,0
DA:96,0
DA:97,0
DA:98,0
DA:100,0
DA:102,0
DA:103,0
DA:105,0
DA:106,0
DA:114,0
DA:115,0
DA:116,0
DA:118,0
DA:119,0
DA:122,0
DA:130,0
DA:131,0
DA:134,0
DA:136,0
DA:137,0
DA:138,0
DA:146,0
DA:147,0
DA:148,0
DA:150,0
DA:151,0
DA:152,0
DA:160,0
DA:161,0
DA:164,0
DA:166,0
DA:167,0
DA:168,0
DA:176,0
DA:177,0
DA:181,0
DA:183,0
DA:184,0
DA:185,0
DA:193,0
DA:194,0
DA:196,0
DA:197,0
DA:198,0
DA:209,0
DA:210,0
DA:212,0
DA:213,0
DA:217,0
DA:225,0
DA:226,0
DA:227,0
DA:229,0
DA:230,0
DA:231,0
DA:239,0
DA:240,0
DA:242,0
DA:243,0
DA:244,0
DA:249,0
LF:82
LH:0
BRDA:65,0,0,0
BRDA:65,0,1,0
BRDA:66,1,0,0
BRDA:66,1,1,0
BRDA:67,2,0,0
BRDA:67,2,1,0
BRDA:68,3,0,0
BRDA:68,3,1,0
BRDA:69,4,0,0
BRDA:69,4,1,0
BRDA:69,5,0,0
BRDA:69,5,1,0
BRDA:72,6,0,0
BRDA:72,6,1,0
BRDA:73,7,0,0
BRDA:73,7,1,0
BRDA:75,8,0,0
BRDA:75,8,1,0
BRDA:77,9,0,0
BRDA:77,9,1,0
BRDA:78,10,0,0
BRDA:78,10,1,0
BRDA:82,11,0,0
BRDA:82,11,1,0
BRDA:86,12,0,0
BRDA:86,12,1,0
BRDA:100,13,0,0
BRDA:100,13,1,0
BRDA:102,14,0,0
BRDA:102,14,1,0
BRDA:102,15,0,0
BRDA:102,15,1,0
BRDA:102,15,2,0
BRDA:118,16,0,0
BRDA:118,16,1,0
BRDA:136,17,0,0
BRDA:136,17,1,0
BRDA:150,18,0,0
BRDA:150,18,1,0
BRDA:166,19,0,0
BRDA:166,19,1,0
BRDA:183,20,0,0
BRDA:183,20,1,0
BRDA:196,21,0,0
BRDA:196,21,1,0
BRDA:212,22,0,0
BRDA:212,22,1,0
BRDA:229,23,0,0
BRDA:229,23,1,0
BRDA:242,24,0,0
BRDA:242,24,1,0
BRF:51
BRH:0
end_of_record
TN:
SF:src/api/analytics-api.ts
FN:43,(anonymous_0)
FN:58,(anonymous_1)
FN:74,(anonymous_2)
FN:94,(anonymous_3)
FNF:4
FNH:0
FNDA:0,(anonymous_0)
FNDA:0,(anonymous_1)
FNDA:0,(anonymous_2)
FNDA:0,(anonymous_3)
DA:16,0
DA:44,0
DA:45,0
DA:46,0
DA:48,0
DA:49,0
DA:59,0
DA:60,0
DA:61,0
DA:62,0
DA:64,0
DA:65,0
DA:66,0
DA:75,0
DA:76,0
DA:77,0
DA:78,0
DA:80,0
DA:81,0
DA:82,0
DA:84,0
DA:85,0
DA:86,0
DA:95,0
DA:96,0
DA:97,0
DA:99,0
DA:100,0
DA:101,0
DA:106,0
LF:30
LH:0
BRDA:48,0,0,0
BRDA:48,0,1,0
BRDA:64,1,0,0
BRDA:64,1,1,0
BRDA:77,2,0,0
BRDA:77,2,1,0
BRDA:78,3,0,0
BRDA:78,3,1,0
BRDA:80,4,0,0
BRDA:80,4,1,0
BRDA:84,5,0,0
BRDA:84,5,1,0
BRDA:99,6,0,0
BRDA:99,6,1,0
BRF:14
BRH:0
end_of_record
TN:
SF:src/api/api-config-api.ts
FN:80,getAPIConfig
FN:94,updateAPIConfig
FNF:2
FNH:0
FNDA:0,getAPIConfig
FNDA:0,updateAPIConfig
DA:10,0
DA:81,0
DA:82,0
DA:83,0
DA:85,0
DA:86,0
DA:87,0
DA:98,0
DA:99,0
DA:103,0
DA:105,0
DA:106,0
DA:107,0
DA:114,0
LF:14
LH:0
BRDA:85,0,0,0
BRDA:85,0,1,0
BRDA:105,1,0,0
BRDA:105,1,1,0
BRF:4
BRH:0
end_of_record
TN:
SF:src/api/auth-api.ts
FN:40,(anonymous_0)
FN:45,(anonymous_1)
FN:50,(anonymous_2)
FN:55,(anonymous_3)
FN:59,(anonymous_4)
FN:64,(anonymous_5)
FN:68,(anonymous_6)
FNF:7
FNH:0
FNDA:0,(anonymous_0)
FNDA:0,(anonymous_1)
FNDA:0,(anonymous_2)
FNDA:0,(anonymous_3)
FNDA:0,(anonymous_4)
FNDA:0,(anonymous_5)
FNDA:0,(anonymous_6)
DA:39,0
DA:41,0
DA:42,0
DA:46,0
DA:47,0
DA:51,0
DA:52,0
DA:56,0
DA:60,0
DA:61,0
DA:65,0
DA:69,0
DA:73,0
LF:13
LH:0
BRF:0
BRH:0
end_of_record
TN:
SF:src/api/chat-api.ts
FN:48,(anonymous_0)
FN:65,(anonymous_1)
FN:82,(anonymous_2)
FN:95,(anonymous_3)
FN:112,(anonymous_4)
FN:125,(anonymous_5)
FN:141,(anonymous_6)
FN:159,(anonymous_7)
FNF:8
FNH:0
FNDA:0,(anonymous_0)
FNDA:0,(anonymous_1)
FNDA:0,(anonymous_2)
FNDA:0,(anonymous_3)
FNDA:0,(anonymous_4)
FNDA:0,(anonymous_5)
FNDA:0,(anonymous_6)
FNDA:0,(anonymous_7)
DA:12,0
DA:49,0
DA:50,0
DA:54,0
DA:56,0
DA:57,0
DA:58,0
DA:66,0
DA:67,0
DA:68,0
DA:71,0
DA:73,0
DA:74,0
DA:75,0
DA:83,0
DA:84,0
DA:86,0
DA:87,0
DA:88,0
DA:96,0
DA:97,0
DA:101,0
DA:103,0
DA:104,0
DA:105,0
DA:113,0
DA:114,0
DA:116,0
DA:117,0
DA:118,0
DA:126,0
DA:127,0
DA:132,0
DA:133,0
DA:134,0
DA:144,0
DA:145,0
DA:148,0
DA:150,0
DA:151,0
DA:152,0
DA:162,0
DA:163,0
DA:168,0
DA:170,0
DA:171,0
DA:172,0
DA:177,0
LF:48
LH:0
BRDA:56,0,0,0
BRDA:56,0,1,0
BRDA:67,1,0,0
BRDA:67,1,1,0
BRDA:73,2,0,0
BRDA:73,2,1,0
BRDA:86,3,0,0
BRDA:86,3,1,0
BRDA:98,4,0,0
BRDA:98,4,1,0
BRDA:103,5,0,0
BRDA:103,5,1,0
BRDA:116,6,0,0
BRDA:116,6,1,0
BRDA:125,7,0,0
BRDA:132,8,0,0
BRDA:132,8,1,0
BRDA:150,9,0,0
BRDA:150,9,1,0
BRDA:170,10,0,0
BRDA:170,10,1,0
BRF:21
BRH:0
end_of_record
TN:
SF:src/api/community-api-client.ts
FN:63,(anonymous_0)
FN:87,(anonymous_1)
FN:104,(anonymous_2)
FN:122,(anonymous_3)
FN:135,(anonymous_4)
FN:149,(anonymous_5)
FN:162,(anonymous_6)
FN:178,(anonymous_7)
FN:194,(anonymous_8)
FN:211,(anonymous_9)
FN:225,(anonymous_10)
FN:242,(anonymous_11)
FN:255,(anonymous_12)
FN:271,(anonymous_13)
FN:287,(anonymous_14)
FN:304,(anonymous_15)
FN:317,(anonymous_16)
FN:333,(anonymous_17)
FN:349,(anonymous_18)
FN:371,(anonymous_19)
FN:385,(anonymous_20)
FN:399,(anonymous_21)
FN:412,(anonymous_22)
FN:428,(anonymous_23)
FNF:24
FNH:0
FNDA:0,(anonymous_0)
FNDA:0,(anonymous_1)
FNDA:0,(anonymous_2)
FNDA:0,(anonymous_3)
FNDA:0,(anonymous_4)
FNDA:0,(anonymous_5)
FNDA:0,(anonymous_6)
FNDA:0,(anonymous_7)
FNDA:0,(anonymous_8)
FNDA:0,(anonymous_9)
FNDA:0,(anonymous_10)
FNDA:0,(anonymous_11)
FNDA:0,(anonymous_12)
FNDA:0,(anonymous_13)
FNDA:0,(anonymous_14)
FNDA:0,(anonymous_15)
FNDA:0,(anonymous_16)
FNDA:0,(anonymous_17)
FNDA:0,(anonymous_18)
FNDA:0,(anonymous_19)
FNDA:0,(anonymous_20)
FNDA:0,(anonymous_21)
FNDA:0,(anonymous_22)
FNDA:0,(anonymous_23)
DA:26,0
DA:64,0
DA:65,0
DA:66,0
DA:67,0
DA:68,0
DA:69,0
DA:70,0
DA:72,0
DA:73,0
DA:76,0
DA:78,0
DA:79,0
DA:80,0
DA:88,0
DA:89,0
DA:93,0
DA:95,0
DA:96,0
DA:97,0
DA:105,0
DA:106,0
DA:107,0
DA:109,0
DA:111,0
DA:112,0
DA:114,0
DA:115,0
DA:123,0
DA:124,0
DA:126,0
DA:127,0
DA:128,0
DA:136,0
DA:137,0
DA:138,0
DA:140,0
DA:141,0
DA:142,0
DA:150,0
DA:151,0
DA:153,0
DA:154,0
DA:155,0
DA:163,0
DA:164,0
DA:167,0
DA:169,0
DA:170,0
DA:171,0
DA:179,0
DA:180,0
DA:183,0
DA:185,0
DA:186,0
DA:187,0
DA:195,0
DA:196,0
DA:197,0
DA:200,0
DA:202,0
DA:203,0
DA:204,0
DA:212,0
DA:213,0
DA:214,0
DA:216,0
DA:217,0
DA:218,0
DA:226,0
DA:227,0
DA:231,0
DA:233,0
DA:234,0
DA:235,0
DA:243,0
DA:244,0
DA:246,0
DA:247,0
DA:248,0
DA:256,0
DA:257,0
DA:260,0
DA:262,0
DA:263,0
DA:264,0
DA:272,0
DA:273,0
DA:276,0
DA:278,0
DA:279,0
DA:280,0
DA:288,0
DA:289,0
DA:293,0
DA:295,0
DA:296,0
DA:297,0
DA:305,0
DA:306,0
DA:308,0
DA:309,0
DA:310,0
DA:318,0
DA:319,0
DA:322,0
DA:324,0
DA:325,0
DA:326,0
DA:334,0
DA:335,0
DA:338,0
DA:340,0
DA:341,0
DA:342,0
DA:354,0
DA:355,0
DA:360,0
DA:362,0
DA:363,0
DA:364,0
DA:372,0
DA:373,0
DA:374,0
DA:376,0
DA:377,0
DA:378,0
DA:386,0
DA:387,0
DA:388,0
DA:390,0
DA:391,0
DA:392,0
DA:400,0
DA:401,0
DA:403,0
DA:404,0
DA:405,0
DA:413,0
DA:414,0
DA:417,0
DA:419,0
DA:420,0
DA:421,0
DA:429,0
DA:430,0
DA:432,0
DA:433,0
DA:434,0
DA:439,0
LF:150
LH:0
BRDA:67,0,0,0
BRDA:67,0,1,0
BRDA:68,1,0,0
BRDA:68,1,1,0
BRDA:69,2,0,0
BRDA:69,2,1,0
BRDA:70,3,0,0
BRDA:70,3,1,0
BRDA:74,4,0,0
BRDA:74,4,1,0
BRDA:78,5,0,0
BRDA:78,5,1,0
BRDA:95,6,0,0
BRDA:95,6,1,0
BRDA:109,7,0,0
BRDA:109,7,1,0
BRDA:111,8,0,0
BRDA:111,8,1,0
BRDA:111,9,0,0
BRDA:111,9,1,0
BRDA:111,9,2,0
BRDA:126,10,0,0
BRDA:126,10,1,0
BRDA:140,11,0,0
BRDA:140,11,1,0
BRDA:153,12,0,0
BRDA:153,12,1,0
BRDA:169,13,0,0
BRDA:169,13,1,0
BRDA:185,14,0,0
BRDA:185,14,1,0
BRDA:196,15,0,0
BRDA:196,15,1,0
BRDA:202,16,0,0
BRDA:202,16,1,0
BRDA:216,17,0,0
BRDA:216,17,1,0
BRDA:228,18,0,0
BRDA:228,18,1,0
BRDA:233,19,0,0
BRDA:233,19,1,0
BRDA:246,20,0,0
BRDA:246,20,1,0
BRDA:262,21,0,0
BRDA:262,21,1,0
BRDA:278,22,0,0
BRDA:278,22,1,0
BRDA:295,23,0,0
BRDA:295,23,1,0
BRDA:308,24,0,0
BRDA:308,24,1,0
BRDA:317,25,0,0
BRDA:324,26,0,0
BRDA:324,26,1,0
BRDA:333,27,0,0
BRDA:340,28,0,0
BRDA:340,28,1,0
BRDA:362,29,0,0
BRDA:362,29,1,0
BRDA:376,30,0,0
BRDA:376,30,1,0
BRDA:390,31,0,0
BRDA:390,31,1,0
BRDA:403,32,0,0
BRDA:403,32,1,0
BRDA:419,33,0,0
BRDA:419,33,1,0
BRDA:432,34,0,0
BRDA:432,34,1,0
BRF:69
BRH:0
end_of_record
TN:
SF:src/api/community-api.ts
FN:94,(anonymous_0)
FN:141,(anonymous_1)
FN:196,(anonymous_2)
FN:212,(anonymous_3)
FN:243,(anonymous_4)
FN:250,(anonymous_5)
FN:272,(anonymous_6)
FN:286,(anonymous_7)
FN:303,(anonymous_8)
FN:335,(anonymous_9)
FN:382,(anonymous_10)
FN:399,(anonymous_11)
FN:425,(anonymous_12)
FN:461,(anonymous_13)
FN:486,(anonymous_14)
FN:502,(anonymous_15)
FN:509,(anonymous_16)
FN:520,(anonymous_17)
FN:556,getCommunityAPI
FN:568,(anonymous_19)
FNF:20
FNH:0
FNDA:0,(anonymous_0)
FNDA:0,(anonymous_1)
FNDA:0,(anonymous_2)
FNDA:0,(anonymous_3)
FNDA:0,(anonymous_4)
FNDA:0,(anonymous_5)
FNDA:0,(anonymous_6)
FNDA:0,(anonymous_7)
FNDA:0,(anonymous_8)
FNDA:0,(anonymous_9)
FNDA:0,(anonymous_10)
FNDA:0,(anonymous_11)
FNDA:0,(anonymous_12)
FNDA:0,(anonymous_13)
FNDA:0,(anonymous_14)
FNDA:0,(anonymous_15)
FNDA:0,(anonymous_16)
FNDA:0,(anonymous_17)
FNDA:0,getCommunityAPI
FNDA:0,(anonymous_19)
DA:18,0
DA:101,0
DA:102,0
DA:110,0
DA:115,0
DA:118,0
DA:119,0
DA:124,0
DA:129,0
DA:131,0
DA:132,0
DA:133,0
DA:145,0
DA:146,0
DA:148,0
DA:149,0
DA:152,0
DA:153,0
DA:156,0
DA:157,0
DA:160,0
DA:161,0
DA:162,0
DA:165,0
DA:166,0
DA:167,0
DA:168,0
DA:171,0
DA:172,0
DA:175,0
DA:176,0
DA:179,0
DA:180,0
DA:183,0
DA:184,0
DA:187,0
DA:188,0
DA:192,0
DA:196,0
DA:200,0
DA:201,0
DA:203,0
DA:204,0
DA:205,0
DA:213,0
DA:214,0
DA:216,0
DA:219,0
DA:220,0
DA:222,0
DA:228,0
DA:230,0
DA:232,0
DA:233,0
DA:235,0
DA:236,0
DA:244,0
DA:255,0
DA:256,0
DA:257,0
DA:259,0
DA:260,0
DA:266,0
DA:273,0
DA:274,0
DA:275,0
DA:277,0
DA:278,0
DA:279,0
DA:287,0
DA:288,0
DA:291,0
DA:293,0
DA:294,0
DA:295,0
DA:310,0
DA:311,0
DA:318,0
DA:323,0
DA:325,0
DA:326,0
DA:327,0
DA:342,0
DA:344,0
DA:345,0
DA:346,0
DA:348,0
DA:349,0
DA:353,0
DA:359,0
DA:366,0
DA:371,0
DA:373,0
DA:374,0
DA:375,0
DA:383,0
DA:384,0
DA:387,0
DA:389,0
DA:390,0
DA:391,0
DA:400,0
DA:401,0
DA:406,0
DA:408,0
DA:415,0
DA:416,0
DA:417,0
DA:433,0
DA:434,0
DA:443,0
DA:445,0
DA:452,0
DA:453,0
DA:454,0
DA:466,0
DA:467,0
DA:469,0
DA:470,0
DA:473,0
DA:474,0
DA:477,0
DA:478,0
DA:482,0
DA:486,0
DA:490,0
DA:491,0
DA:493,0
DA:494,0
DA:495,0
DA:503,0
DA:504,0
DA:509,0
DA:511,0
DA:512,0
DA:513,0
DA:526,0
DA:528,0
DA:529,0
DA:530,0
DA:534,0
DA:535,0
DA:538,0
DA:544,0
DA:546,0
DA:547,0
DA:548,0
DA:554,0
DA:557,0
DA:558,0
DA:560,0
DA:564,0
DA:567,0
DA:568,0
DA:569,0
LF:155
LH:0
BRDA:106,0,0,0
BRDA:106,0,1,0
BRDA:118,1,0,0
BRDA:118,1,1,0
BRDA:131,2,0,0
BRDA:131,2,1,0
BRDA:148,3,0,0
BRDA:148,3,1,0
BRDA:148,4,0,0
BRDA:148,4,1,0
BRDA:152,5,0,0
BRDA:152,5,1,0
BRDA:156,6,0,0
BRDA:156,6,1,0
BRDA:156,7,0,0
BRDA:156,7,1,0
BRDA:160,8,0,0
BRDA:160,8,1,0
BRDA:165,9,0,0
BRDA:165,9,1,0
BRDA:165,10,0,0
BRDA:165,10,1,0
BRDA:167,11,0,0
BRDA:167,11,1,0
BRDA:171,12,0,0
BRDA:171,12,1,0
BRDA:175,13,0,0
BRDA:175,13,1,0
BRDA:179,14,0,0
BRDA:179,14,1,0
BRDA:183,15,0,0
BRDA:183,15,1,0
BRDA:187,16,0,0
BRDA:187,16,1,0
BRDA:193,17,0,0
BRDA:193,17,1,0
BRDA:203,18,0,0
BRDA:203,18,1,0
BRDA:224,19,0,0
BRDA:224,19,1,0
BRDA:230,20,0,0
BRDA:230,20,1,0
BRDA:232,21,0,0
BRDA:232,21,1,0
BRDA:232,22,0,0
BRDA:232,22,1,0
BRDA:256,23,0,0
BRDA:256,23,1,0
BRDA:259,24,0,0
BRDA:259,24,1,0
BRDA:259,25,0,0
BRDA:259,25,1,0
BRDA:277,26,0,0
BRDA:277,26,1,0
BRDA:293,27,0,0
BRDA:293,27,1,0
BRDA:314,28,0,0
BRDA:314,28,1,0
BRDA:325,29,0,0
BRDA:325,29,1,0
BRDA:345,30,0,0
BRDA:345,30,1,0
BRDA:348,31,0,0
BRDA:348,31,1,0
BRDA:363,32,0,0
BRDA:363,32,1,0
BRDA:373,33,0,0
BRDA:373,33,1,0
BRDA:389,34,0,0
BRDA:389,34,1,0
BRDA:415,35,0,0
BRDA:415,35,1,0
BRDA:440,36,0,0
BRDA:440,36,1,0
BRDA:452,37,0,0
BRDA:452,37,1,0
BRDA:469,38,0,0
BRDA:469,38,1,0
BRDA:469,39,0,0
BRDA:469,39,1,0
BRDA:473,40,0,0
BRDA:473,40,1,0
BRDA:473,41,0,0
BRDA:473,41,1,0
BRDA:477,42,0,0
BRDA:477,42,1,0
BRDA:483,43,0,0
BRDA:483,43,1,0
BRDA:493,44,0,0
BRDA:493,44,1,0
BRDA:511,45,0,0
BRDA:511,45,1,0
BRDA:529,46,0,0
BRDA:529,46,1,0
BRDA:534,47,0,0
BRDA:534,47,1,0
BRDA:546,48,0,0
BRDA:546,48,1,0
BRDA:557,49,0,0
BRDA:557,49,1,0
BRDA:567,50,0,0
BRDA:567,50,1,0
BRF:102
BRH:0
end_of_record
TN:
SF:src/api/feature-flags-api.ts
FN:41,(anonymous_0)
FN:56,(anonymous_1)
FN:83,(anonymous_2)
FN:98,(anonymous_3)
FN:115,(anonymous_4)
FNF:5
FNH:0
FNDA:0,(anonymous_0)
FNDA:0,(anonymous_1)
FNDA:0,(anonymous_2)
FNDA:0,(anonymous_3)
FNDA:0,(anonymous_4)
DA:11,0
DA:42,0
DA:43,0
DA:44,0
DA:46,0
DA:47,0
DA:48,0
DA:61,0
DA:62,0
DA:67,0
DA:71,0
DA:73,0
DA:74,0
DA:75,0
DA:84,0
DA:85,0
DA:86,0
DA:88,0
DA:89,0
DA:90,0
DA:99,0
DA:100,0
DA:103,0
DA:105,0
DA:106,0
DA:107,0
DA:116,0
DA:117,0
DA:123,0
DA:125,0
DA:126,0
DA:127,0
DA:132,0
LF:33
LH:0
BRDA:46,0,0,0
BRDA:46,0,1,0
BRDA:68,1,0,0
BRDA:68,1,1,0
BRDA:73,2,0,0
BRDA:73,2,1,0
BRDA:88,3,0,0
BRDA:88,3,1,0
BRDA:105,4,0,0
BRDA:105,4,1,0
BRDA:125,5,0,0
BRDA:125,5,1,0
BRF:12
BRH:0
end_of_record
TN:
SF:src/api/gdpr-api.ts
FN:59,(anonymous_0)
FN:78,(anonymous_1)
FN:97,(anonymous_2)
FN:113,(anonymous_3)
FN:133,(anonymous_4)
FN:150,(anonymous_5)
FN:169,(anonymous_6)
FN:186,(anonymous_7)
FN:203,(anonymous_8)
FN:219,(anonymous_9)
FN:235,(anonymous_10)
FN:256,(anonymous_11)
FNF:12
FNH:0
FNDA:0,(anonymous_0)
FNDA:0,(anonymous_1)
FNDA:0,(anonymous_2)
FNDA:0,(anonymous_3)
FNDA:0,(anonymous_4)
FNDA:0,(anonymous_5)
FNDA:0,(anonymous_6)
FNDA:0,(anonymous_7)
FNDA:0,(anonymous_8)
FNDA:0,(anonymous_9)
FNDA:0,(anonymous_10)
FNDA:0,(anonymous_11)
DA:19,0
DA:60,0
DA:61,0
DA:65,0
DA:67,0
DA:68,0
DA:71,0
DA:79,0
DA:80,0
DA:84,0
DA:86,0
DA:87,0
DA:90,0
DA:98,0
DA:99,0
DA:102,0
DA:104,0
DA:105,0
DA:106,0
DA:114,0
DA:115,0
DA:119,0
DA:121,0
DA:122,0
DA:126,0
DA:134,0
DA:135,0
DA:139,0
DA:141,0
DA:142,0
DA:143,0
DA:151,0
DA:152,0
DA:156,0
DA:158,0
DA:159,0
DA:162,0
DA:170,0
DA:171,0
DA:175,0
DA:177,0
DA:178,0
DA:179,0
DA:187,0
DA:188,0
DA:192,0
DA:194,0
DA:195,0
DA:196,0
DA:204,0
DA:205,0
DA:208,0
DA:210,0
DA:211,0
DA:212,0
DA:220,0
DA:221,0
DA:224,0
DA:226,0
DA:227,0
DA:228,0
DA:236,0
DA:237,0
DA:247,0
DA:248,0
DA:249,0
DA:257,0
DA:258,0
DA:268,0
DA:269,0
DA:270,0
DA:275,0
LF:72
LH:0
BRDA:67,0,0,0
BRDA:67,0,1,0
BRDA:86,1,0,0
BRDA:86,1,1,0
BRDA:104,2,0,0
BRDA:104,2,1,0
BRDA:121,3,0,0
BRDA:121,3,1,0
BRDA:141,4,0,0
BRDA:141,4,1,0
BRDA:158,5,0,0
BRDA:158,5,1,0
BRDA:177,6,0,0
BRDA:177,6,1,0
BRDA:186,7,0,0
BRDA:194,8,0,0
BRDA:194,8,1,0
BRDA:210,9,0,0
BRDA:210,9,1,0
BRDA:226,10,0,0
BRDA:226,10,1,0
BRDA:242,11,0,0
BRDA:242,11,1,0
BRDA:247,12,0,0
BRDA:247,12,1,0
BRDA:268,13,0,0
BRDA:268,13,1,0
BRF:27
BRH:0
end_of_record
TN:
SF:src/api/image-upload-api.ts
FN:41,(anonymous_0)
FN:67,(anonymous_1)
FNF:2
FNH:0
FNDA:0,(anonymous_0)
FNDA:0,(anonymous_1)
DA:10,0
DA:46,0
DA:47,0
DA:48,0
DA:49,0
DA:50,0
DA:52,0
DA:55,0
DA:57,0
DA:58,0
DA:59,0
DA:72,0
DA:74,0
DA:76,0
DA:82,0
DA:86,0
DA:88,0
DA:89,0
DA:90,0
DA:95,0
LF:20
LH:0
BRDA:50,0,0,0
BRDA:50,0,1,0
BRDA:57,1,0,0
BRDA:57,1,1,0
BRDA:88,2,0,0
BRDA:88,2,1,0
BRF:6
BRH:0
end_of_record
TN:
SF:src/api/index.ts
FNF:0
FNH:0
LF:0
LH:0
BRF:0
BRH:0
end_of_record
TN:
SF:src/api/kyc-api.ts
FN:68,(anonymous_0)
FN:88,(anonymous_1)
FN:104,(anonymous_2)
FN:124,(anonymous_3)
FN:140,(anonymous_4)
FN:156,(anonymous_5)
FN:172,(anonymous_6)
FN:189,(anonymous_7)
FN:206,(anonymous_8)
FN:222,(anonymous_9)
FN:242,(anonymous_10)
FNF:11
FNH:0
FNDA:0,(anonymous_0)
FNDA:0,(anonymous_1)
FNDA:0,(anonymous_2)
FNDA:0,(anonymous_3)
FNDA:0,(anonymous_4)
FNDA:0,(anonymous_5)
FNDA:0,(anonymous_6)
FNDA:0,(anonymous_7)
FNDA:0,(anonymous_8)
FNDA:0,(anonymous_9)
FNDA:0,(anonymous_10)
DA:18,0
DA:69,0
DA:70,0
DA:74,0
DA:76,0
DA:77,0
DA:81,0
DA:89,0
DA:90,0
DA:93,0
DA:95,0
DA:96,0
DA:97,0
DA:105,0
DA:106,0
DA:109,0
DA:111,0
DA:112,0
DA:114,0
DA:115,0
DA:117,0
DA:125,0
DA:126,0
DA:129,0
DA:131,0
DA:132,0
DA:133,0
DA:141,0
DA:142,0
DA:147,0
DA:148,0
DA:149,0
DA:157,0
DA:158,0
DA:163,0
DA:164,0
DA:165,0
DA:173,0
DA:174,0
DA:178,0
DA:180,0
DA:181,0
DA:182,0
DA:190,0
DA:191,0
DA:195,0
DA:197,0
DA:198,0
DA:199,0
DA:207,0
DA:208,0
DA:211,0
DA:213,0
DA:214,0
DA:215,0
DA:223,0
DA:224,0
DA:225,0
DA:226,0
DA:228,0
DA:231,0
DA:233,0
DA:234,0
DA:235,0
DA:243,0
DA:244,0
DA:247,0
DA:249,0
DA:250,0
DA:251,0
DA:256,0
LF:71
LH:0
BRDA:76,0,0,0
BRDA:76,0,1,0
BRDA:95,1,0,0
BRDA:95,1,1,0
BRDA:111,2,0,0
BRDA:111,2,1,0
BRDA:114,3,0,0
BRDA:114,3,1,0
BRDA:114,4,0,0
BRDA:114,4,1,0
BRDA:114,4,2,0
BRDA:131,5,0,0
BRDA:131,5,1,0
BRDA:143,6,0,0
BRDA:143,6,1,0
BRDA:147,7,0,0
BRDA:147,7,1,0
BRDA:159,8,0,0
BRDA:159,8,1,0
BRDA:163,9,0,0
BRDA:163,9,1,0
BRDA:175,10,0,0
BRDA:175,10,1,0
BRDA:180,11,0,0
BRDA:180,11,1,0
BRDA:192,12,0,0
BRDA:192,12,1,0
BRDA:197,13,0,0
BRDA:197,13,1,0
BRDA:213,14,0,0
BRDA:213,14,1,0
BRDA:225,15,0,0
BRDA:225,15,1,0
BRDA:226,16,0,0
BRDA:226,16,1,0
BRDA:233,17,0,0
BRDA:233,17,1,0
BRDA:249,18,0,0
BRDA:249,18,1,0
BRF:39
BRH:0
end_of_record
TN:
SF:src/api/live-streaming-api.ts
FN:88,(anonymous_0)
FN:141,(anonymous_1)
FN:206,(anonymous_2)
FN:241,(anonymous_3)
FN:257,(anonymous_4)
FN:278,(anonymous_5)
FN:308,(anonymous_6)
FN:322,(anonymous_7)
FN:384,(anonymous_8)
FN:456,(anonymous_9)
FN:472,(anonymous_10)
FNF:11
FNH:0
FNDA:0,(anonymous_0)
FNDA:0,(anonymous_1)
FNDA:0,(anonymous_2)
FNDA:0,(anonymous_3)
FNDA:0,(anonymous_4)
FNDA:0,(anonymous_5)
FNDA:0,(anonymous_6)
FNDA:0,(anonymous_7)
FNDA:0,(anonymous_8)
FNDA:0,(anonymous_9)
FNDA:0,(anonymous_10)
DA:15,0
DA:91,0
DA:92,0
DA:99,0
DA:104,0
DA:108,0
DA:109,0
DA:110,0
DA:111,0
DA:113,0
DA:119,0
DA:125,0
DA:131,0
DA:132,0
DA:133,0
DA:142,0
DA:143,0
DA:148,0
DA:151,0
DA:152,0
DA:153,0
DA:154,0
DA:155,0
DA:162,0
DA:174,0
DA:175,0
DA:176,0
DA:177,0
DA:183,0
DA:194,0
DA:196,0
DA:197,0
DA:198,0
DA:209,0
DA:210,0
DA:212,0
DA:213,0
DA:216,0
DA:217,0
DA:220,0
DA:221,0
DA:224,0
DA:225,0
DA:228,0
DA:229,0
DA:232,0
DA:233,0
DA:237,0
DA:241,0
DA:245,0
DA:246,0
DA:248,0
DA:249,0
DA:250,0
DA:258,0
DA:259,0
DA:262,0
DA:264,0
DA:266,0
DA:267,0
DA:269,0
DA:270,0
DA:284,0
DA:285,0
DA:291,0
DA:296,0
DA:298,0
DA:299,0
DA:300,0
DA:309,0
DA:310,0
DA:312,0
DA:313,0
DA:314,0
DA:329,0
DA:330,0
DA:337,0
DA:342,0
DA:345,0
DA:346,0
DA:347,0
DA:348,0
DA:356,0
DA:361,0
DA:372,0
DA:374,0
DA:375,0
DA:376,0
DA:391,0
DA:393,0
DA:394,0
DA:395,0
DA:397,0
DA:398,0
DA:400,0
DA:401,0
DA:404,0
DA:411,0
DA:416,0
DA:419,0
DA:420,0
DA:428,0
DA:433,0
DA:444,0
DA:446,0
DA:447,0
DA:448,0
DA:457,0
DA:458,0
DA:461,0
DA:463,0
DA:464,0
DA:465,0
DA:473,0
DA:474,0
DA:475,0
DA:477,0
DA:478,0
DA:479,0
DA:484,0
LF:120
LH:0
BRDA:96,0,0,0
BRDA:96,0,1,0
BRDA:108,1,0,0
BRDA:108,1,1,0
BRDA:108,2,0,0
BRDA:108,2,1,0
BRDA:110,3,0,0
BRDA:110,3,1,0
BRDA:111,4,0,0
BRDA:111,4,1,0
BRDA:131,5,0,0
BRDA:131,5,1,0
BRDA:152,6,0,0
BRDA:152,6,1,0
BRDA:154,7,0,0
BRDA:154,7,1,0
BRDA:164,8,0,0
BRDA:164,8,1,0
BRDA:175,9,0,0
BRDA:175,9,1,0
BRDA:185,10,0,0
BRDA:185,10,1,0
BRDA:196,11,0,0
BRDA:196,11,1,0
BRDA:212,12,0,0
BRDA:212,12,1,0
BRDA:212,13,0,0
BRDA:212,13,1,0
BRDA:216,14,0,0
BRDA:216,14,1,0
BRDA:216,15,0,0
BRDA:216,15,1,0
BRDA:220,16,0,0
BRDA:220,16,1,0
BRDA:224,17,0,0
BRDA:224,17,1,0
BRDA:228,18,0,0
BRDA:228,18,1,0
BRDA:232,19,0,0
BRDA:232,19,1,0
BRDA:238,20,0,0
BRDA:238,20,1,0
BRDA:248,21,0,0
BRDA:248,21,1,0
BRDA:264,22,0,0
BRDA:264,22,1,0
BRDA:266,23,0,0
BRDA:266,23,1,0
BRDA:266,24,0,0
BRDA:266,24,1,0
BRDA:288,25,0,0
BRDA:288,25,1,0
BRDA:298,26,0,0
BRDA:298,26,1,0
BRDA:312,27,0,0
BRDA:312,27,1,0
BRDA:333,28,0,0
BRDA:333,28,1,0
BRDA:347,29,0,0
BRDA:347,29,1,0
BRDA:352,30,0,0
BRDA:352,30,1,0
BRDA:363,31,0,0
BRDA:363,31,1,0
BRDA:374,32,0,0
BRDA:374,32,1,0
BRDA:394,33,0,0
BRDA:394,33,1,0
BRDA:397,34,0,0
BRDA:397,34,1,0
BRDA:400,35,0,0
BRDA:400,35,1,0
BRDA:407,36,0,0
BRDA:407,36,1,0
BRDA:424,37,0,0
BRDA:424,37,1,0
BRDA:435,38,0,0
BRDA:435,38,1,0
BRDA:446,39,0,0
BRDA:446,39,1,0
BRDA:463,40,0,0
BRDA:463,40,1,0
BRDA:477,41,0,0
BRDA:477,41,1,0
BRF:84
BRH:0
end_of_record
TN:
SF:src/api/llm-api.ts
FN:29,(anonymous_0)
FNF:1
FNH:0
FNDA:0,(anonymous_0)
DA:10,0
DA:34,0
DA:35,0
DA:41,0
DA:42,0
DA:44,0
DA:45,0
DA:49,0
DA:54,0
LF:9
LH:0
BRDA:37,0,0,0
BRDA:37,0,1,0
BRDA:38,1,0,0
BRDA:38,1,1,0
BRDA:44,2,0,0
BRDA:44,2,1,0
BRDA:46,3,0,0
BRDA:46,3,1,0
BRF:8
BRH:0
end_of_record
TN:
SF:src/api/lost-found-api.ts
FN:68,(anonymous_0)
FN:117,(anonymous_1)
FN:161,(anonymous_2)
FN:177,(anonymous_3)
FN:211,(anonymous_4)
FN:248,(anonymous_5)
FN:302,(anonymous_6)
FN:317,(anonymous_7)
FN:333,(anonymous_8)
FNF:9
FNH:0
FNDA:0,(anonymous_0)
FNDA:0,(anonymous_1)
FNDA:0,(anonymous_2)
FNDA:0,(anonymous_3)
FNDA:0,(anonymous_4)
FNDA:0,(anonymous_5)
FNDA:0,(anonymous_6)
FNDA:0,(anonymous_7)
FNDA:0,(anonymous_8)
DA:15,0
DA:71,0
DA:72,0
DA:79,0
DA:84,0
DA:87,0
DA:88,0
DA:89,0
DA:90,0
DA:95,0
DA:105,0
DA:107,0
DA:108,0
DA:109,0
DA:120,0
DA:121,0
DA:123,0
DA:124,0
DA:127,0
DA:128,0
DA:131,0
DA:132,0
DA:133,0
DA:136,0
DA:137,0
DA:140,0
DA:141,0
DA:144,0
DA:145,0
DA:148,0
DA:149,0
DA:152,0
DA:153,0
DA:157,0
DA:161,0
DA:165,0
DA:166,0
DA:168,0
DA:169,0
DA:170,0
DA:178,0
DA:179,0
DA:183,0
DA:186,0
DA:187,0
DA:189,0
DA:195,0
DA:197,0
DA:199,0
DA:200,0
DA:202,0
DA:203,0
DA:212,0
DA:214,0
DA:215,0
DA:216,0
DA:220,0
DA:221,0
DA:225,0
DA:226,0
DA:229,0
DA:231,0
DA:236,0
DA:238,0
DA:239,0
DA:240,0
DA:251,0
DA:253,0
DA:254,0
DA:255,0
DA:257,0
DA:258,0
DA:261,0
DA:268,0
DA:273,0
DA:276,0
DA:277,0
DA:278,0
DA:284,0
DA:291,0
DA:293,0
DA:294,0
DA:295,0
DA:303,0
DA:304,0
DA:305,0
DA:306,0
DA:308,0
DA:309,0
DA:310,0
DA:318,0
DA:319,0
DA:320,0
DA:321,0
DA:323,0
DA:324,0
DA:325,0
DA:334,0
DA:335,0
DA:339,0
DA:341,0
DA:342,0
DA:343,0
DA:348,0
LF:104
LH:0
BRDA:76,0,0,0
BRDA:76,0,1,0
BRDA:88,1,0,0
BRDA:88,1,1,0
BRDA:97,2,0,0
BRDA:97,2,1,0
BRDA:107,3,0,0
BRDA:107,3,1,0
BRDA:123,4,0,0
BRDA:123,4,1,0
BRDA:123,5,0,0
BRDA:123,5,1,0
BRDA:127,6,0,0
BRDA:127,6,1,0
BRDA:127,7,0,0
BRDA:127,7,1,0
BRDA:131,8,0,0
BRDA:131,8,1,0
BRDA:136,9,0,0
BRDA:136,9,1,0
BRDA:140,10,0,0
BRDA:140,10,1,0
BRDA:144,11,0,0
BRDA:144,11,1,0
BRDA:148,12,0,0
BRDA:148,12,1,0
BRDA:152,13,0,0
BRDA:152,13,1,0
BRDA:158,14,0,0
BRDA:158,14,1,0
BRDA:168,15,0,0
BRDA:168,15,1,0
BRDA:191,16,0,0
BRDA:191,16,1,0
BRDA:197,17,0,0
BRDA:197,17,1,0
BRDA:199,18,0,0
BRDA:199,18,1,0
BRDA:199,19,0,0
BRDA:199,19,1,0
BRDA:215,20,0,0
BRDA:215,20,1,0
BRDA:220,21,0,0
BRDA:220,21,1,0
BRDA:225,22,0,0
BRDA:225,22,1,0
BRDA:238,23,0,0
BRDA:238,23,1,0
BRDA:254,24,0,0
BRDA:254,24,1,0
BRDA:257,25,0,0
BRDA:257,25,1,0
BRDA:265,26,0,0
BRDA:265,26,1,0
BRDA:286,27,0,0
BRDA:286,27,1,0
BRDA:293,28,0,0
BRDA:293,28,1,0
BRDA:308,29,0,0
BRDA:308,29,1,0
BRDA:323,30,0,0
BRDA:323,30,1,0
BRDA:336,31,0,0
BRDA:336,31,1,0
BRDA:341,32,0,0
BRDA:341,32,1,0
BRF:66
BRH:0
end_of_record
TN:
SF:src/api/map-config-api.ts
FN:58,getMapConfig
FN:72,updateMapConfig
FNF:2
FNH:0
FNDA:0,getMapConfig
FNDA:0,updateMapConfig
DA:10,0
DA:59,0
DA:60,0
DA:61,0
DA:63,0
DA:64,0
DA:65,0
DA:76,0
DA:77,0
DA:81,0
DA:83,0
DA:84,0
DA:85,0
LF:13
LH:0
BRDA:63,0,0,0
BRDA:63,0,1,0
BRDA:83,1,0,0
BRDA:83,1,1,0
BRF:4
BRH:0
end_of_record
TN:
SF:src/api/matching-api-strict.ts
FN:40,(anonymous_0)
FN:65,(anonymous_1)
FNF:2
FNH:0
FNDA:0,(anonymous_0)
FNDA:0,(anonymous_1)
DA:24,0
DA:44,0
DA:45,0
DA:52,0
DA:54,0
DA:55,0
DA:56,0
DA:66,0
DA:67,0
DA:68,0
DA:70,0
DA:71,0
DA:72,0
LF:13
LH:0
BRDA:54,0,0,0
BRDA:54,0,1,0
BRDA:70,1,0,0
BRDA:70,1,1,0
BRF:4
BRH:0
end_of_record
TN:
SF:src/api/matching-api.ts
FN:70,(anonymous_0)
FN:81,(anonymous_1)
FN:95,(anonymous_2)
FN:122,(anonymous_3)
FN:132,(anonymous_4)
FN:151,(anonymous_5)
FN:164,(anonymous_6)
FN:177,(anonymous_7)
FN:197,(anonymous_8)
FN:212,(anonymous_9)
FN:244,(anonymous_10)
FNF:11
FNH:0
FNDA:0,(anonymous_0)
FNDA:0,(anonymous_1)
FNDA:0,(anonymous_2)
FNDA:0,(anonymous_3)
FNDA:0,(anonymous_4)
FNDA:0,(anonymous_5)
FNDA:0,(anonymous_6)
FNDA:0,(anonymous_7)
FNDA:0,(anonymous_8)
FNDA:0,(anonymous_9)
FNDA:0,(anonymous_10)
DA:11,0
DA:68,0
DA:71,0
DA:72,0
DA:73,0
DA:75,0
DA:76,0
DA:77,0
DA:82,0
DA:83,0
DA:84,0
DA:86,0
DA:87,0
DA:91,0
DA:96,0
DA:97,0
DA:99,0
DA:101,0
DA:102,0
DA:103,0
DA:123,0
DA:128,0
DA:129,0
DA:130,0
DA:133,0
DA:140,0
DA:142,0
DA:143,0
DA:147,0
DA:152,0
DA:153,0
DA:156,0
DA:158,0
DA:159,0
DA:160,0
DA:165,0
DA:166,0
DA:169,0
DA:171,0
DA:172,0
DA:173,0
DA:181,0
DA:182,0
DA:189,0
DA:191,0
DA:192,0
DA:193,0
DA:198,0
DA:199,0
DA:200,0
DA:206,0
DA:207,0
DA:208,0
DA:213,0
DA:215,0
DA:216,0
DA:217,0
DA:218,0
DA:221,0
DA:225,0
DA:239,0
DA:240,0
DA:245,0
DA:246,0
DA:247,0
DA:248,0
DA:250,0
DA:251,0
DA:252,0
DA:257,0
LF:70
LH:0
BRDA:75,0,0,0
BRDA:75,0,1,0
BRDA:86,1,0,0
BRDA:86,1,1,0
BRDA:101,2,0,0
BRDA:101,2,1,0
BRDA:101,3,0,0
BRDA:101,3,1,0
BRDA:118,4,0,0
BRDA:118,4,1,0
BRDA:125,5,0,0
BRDA:125,5,1,0
BRDA:128,6,0,0
BRDA:128,6,1,0
BRDA:128,7,0,0
BRDA:128,7,1,0
BRDA:135,8,0,0
BRDA:135,8,1,0
BRDA:142,9,0,0
BRDA:142,9,1,0
BRDA:158,10,0,0
BRDA:158,10,1,0
BRDA:171,11,0,0
BRDA:171,11,1,0
BRDA:191,12,0,0
BRDA:191,12,1,0
BRDA:206,13,0,0
BRDA:206,13,1,0
BRDA:213,14,0,0
BRDA:213,14,1,0
BRDA:223,15,0,0
BRDA:223,15,1,0
BRDA:250,16,0,0
BRDA:250,16,1,0
BRF:34
BRH:0
end_of_record
TN:
SF:src/api/notifications-api.ts
FN:41,(anonymous_0)
FN:61,(anonymous_1)
FN:81,(anonymous_2)
FN:107,(anonymous_3)
FNF:4
FNH:0
FNDA:0,(anonymous_0)
FNDA:0,(anonymous_1)
FNDA:0,(anonymous_2)
FNDA:0,(anonymous_3)
DA:11,0
DA:42,0
DA:43,0
DA:49,0
DA:51,0
DA:52,0
DA:53,0
DA:66,0
DA:67,0
DA:68,0
DA:69,0
DA:71,0
DA:72,0
DA:73,0
DA:87,0
DA:88,0
DA:95,0
DA:97,0
DA:98,0
DA:99,0
DA:115,0
DA:116,0
DA:124,0
DA:126,0
DA:127,0
DA:128,0
DA:133,0
LF:27
LH:0
BRDA:51,0,0,0
BRDA:51,0,1,0
BRDA:71,1,0,0
BRDA:71,1,1,0
BRDA:97,2,0,0
BRDA:97,2,1,0
BRDA:126,3,0,0
BRDA:126,3,1,0
BRF:8
BRH:0
end_of_record
TN:
SF:src/api/payments-api.ts
FN:126,(anonymous_0)
FN:143,(anonymous_1)
FN:172,(anonymous_2)
FN:189,(anonymous_3)
FN:218,(anonymous_4)
FN:239,(anonymous_5)
FN:268,(anonymous_6)
FN:295,(anonymous_7)
FN:312,(anonymous_8)
FN:339,(anonymous_9)
FN:353,(anonymous_10)
FN:370,(anonymous_11)
FN:387,(anonymous_12)
FN:402,(anonymous_13)
FN:425,(anonymous_14)
FNF:15
FNH:0
FNDA:0,(anonymous_0)
FNDA:0,(anonymous_1)
FNDA:0,(anonymous_2)
FNDA:0,(anonymous_3)
FNDA:0,(anonymous_4)
FNDA:0,(anonymous_5)
FNDA:0,(anonymous_6)
FNDA:0,(anonymous_7)
FNDA:0,(anonymous_8)
FNDA:0,(anonymous_9)
FNDA:0,(anonymous_10)
FNDA:0,(anonymous_11)
FNDA:0,(anonymous_12)
FNDA:0,(anonymous_13)
FNDA:0,(anonymous_14)
DA:22,0
DA:127,0
DA:128,0
DA:131,0
DA:133,0
DA:134,0
DA:135,0
DA:149,0
DA:150,0
DA:156,0
DA:160,0
DA:162,0
DA:163,0
DA:164,0
DA:173,0
DA:174,0
DA:177,0
DA:179,0
DA:180,0
DA:181,0
DA:195,0
DA:196,0
DA:202,0
DA:206,0
DA:208,0
DA:209,0
DA:210,0
DA:222,0
DA:223,0
DA:227,0
DA:229,0
DA:230,0
DA:231,0
DA:245,0
DA:246,0
DA:252,0
DA:256,0
DA:258,0
DA:259,0
DA:260,0
DA:273,0
DA:274,0
DA:279,0
DA:283,0
DA:285,0
DA:286,0
DA:287,0
DA:296,0
DA:297,0
DA:300,0
DA:302,0
DA:303,0
DA:304,0
DA:317,0
DA:318,0
DA:323,0
DA:327,0
DA:329,0
DA:330,0
DA:331,0
DA:340,0
DA:341,0
DA:343,0
DA:344,0
DA:345,0
DA:354,0
DA:355,0
DA:358,0
DA:360,0
DA:361,0
DA:362,0
DA:371,0
DA:372,0
DA:375,0
DA:377,0
DA:378,0
DA:379,0
DA:388,0
DA:389,0
DA:390,0
DA:392,0
DA:393,0
DA:394,0
DA:403,0
DA:404,0
DA:405,0
DA:406,0
DA:407,0
DA:410,0
DA:413,0
DA:415,0
DA:416,0
DA:417,0
DA:430,0
DA:431,0
DA:436,0
DA:440,0
DA:442,0
DA:443,0
DA:444,0
DA:449,0
LF:101
LH:0
BRDA:133,0,0,0
BRDA:133,0,1,0
BRDA:152,1,0,0
BRDA:152,1,1,0
BRDA:153,2,0,0
BRDA:153,2,1,0
BRDA:157,3,0,0
BRDA:157,3,1,0
BRDA:157,4,0,0
BRDA:157,4,1,0
BRDA:162,5,0,0
BRDA:162,5,1,0
BRDA:179,6,0,0
BRDA:179,6,1,0
BRDA:193,7,0,0
BRDA:203,8,0,0
BRDA:203,8,1,0
BRDA:203,9,0,0
BRDA:203,9,1,0
BRDA:208,10,0,0
BRDA:208,10,1,0
BRDA:229,11,0,0
BRDA:229,11,1,0
BRDA:249,12,0,0
BRDA:249,12,1,0
BRDA:253,13,0,0
BRDA:253,13,1,0
BRDA:253,14,0,0
BRDA:253,14,1,0
BRDA:258,15,0,0
BRDA:258,15,1,0
BRDA:280,16,0,0
BRDA:280,16,1,0
BRDA:280,17,0,0
BRDA:280,17,1,0
BRDA:285,18,0,0
BRDA:285,18,1,0
BRDA:302,19,0,0
BRDA:302,19,1,0
BRDA:324,20,0,0
BRDA:324,20,1,0
BRDA:329,21,0,0
BRDA:329,21,1,0
BRDA:343,22,0,0
BRDA:343,22,1,0
BRDA:353,23,0,0
BRDA:360,24,0,0
BRDA:360,24,1,0
BRDA:377,25,0,0
BRDA:377,25,1,0
BRDA:392,26,0,0
BRDA:392,26,1,0
BRDA:406,27,0,0
BRDA:406,27,1,0
BRDA:415,28,0,0
BRDA:415,28,1,0
BRDA:433,29,0,0
BRDA:433,29,1,0
BRDA:437,30,0,0
BRDA:437,30,1,0
BRDA:442,31,0,0
BRDA:442,31,1,0
BRF:62
BRH:0
end_of_record
TN:
SF:src/api/photo-moderation-api.ts
FN:54,(anonymous_0)
FN:99,(anonymous_1)
FN:161,(anonymous_2)
FN:262,(anonymous_3)
FN:294,(anonymous_4)
FN:308,(anonymous_5)
FN:321,(anonymous_6)
FN:334,(anonymous_7)
FN:353,(anonymous_8)
FNF:9
FNH:0
FNDA:0,(anonymous_0)
FNDA:0,(anonymous_1)
FNDA:0,(anonymous_2)
FNDA:0,(anonymous_3)
FNDA:0,(anonymous_4)
FNDA:0,(anonymous_5)
FNDA:0,(anonymous_6)
FNDA:0,(anonymous_7)
FNDA:0,(anonymous_8)
DA:24,0
DA:55,0
DA:56,0
DA:59,0
DA:66,0
DA:69,0
DA:72,0
DA:81,0
DA:86,0
DA:88,0
DA:89,0
DA:92,0
DA:100,0
DA:101,0
DA:102,0
DA:103,0
DA:107,0
DA:110,0
DA:113,0
DA:119,0
DA:121,0
DA:122,0
DA:123,0
DA:124,0
DA:125,0
DA:126,0
DA:130,0
DA:134,0
DA:137,0
DA:146,0
DA:152,0
DA:153,0
DA:154,0
DA:162,0
DA:163,0
DA:164,0
DA:165,0
DA:168,0
DA:169,0
DA:172,0
DA:173,0
DA:181,0
DA:185,0
DA:186,0
DA:188,0
DA:191,0
DA:192,0
DA:194,0
DA:200,0
DA:201,0
DA:202,0
DA:214,0
DA:222,0
DA:223,0
DA:225,0
DA:228,0
DA:240,0
DA:248,0
DA:250,0
DA:251,0
DA:255,0
DA:263,0
DA:264,0
DA:265,0
DA:266,0
DA:270,0
DA:271,0
DA:272,0
DA:273,0
DA:277,0
DA:279,0
DA:285,0
DA:286,0
DA:287,0
DA:295,0
DA:296,0
DA:297,0
DA:299,0
DA:300,0
DA:301,0
DA:309,0
DA:310,0
DA:312,0
DA:313,0
DA:314,0
DA:322,0
DA:323,0
DA:325,0
DA:326,0
DA:327,0
DA:341,0
DA:342,0
DA:344,0
DA:345,0
DA:346,0
DA:354,0
DA:355,0
DA:357,0
DA:358,0
DA:359,0
DA:364,0
LF:101
LH:0
BRDA:56,0,0,0
BRDA:56,0,1,0
BRDA:88,1,0,0
BRDA:88,1,1,0
BRDA:102,2,0,0
BRDA:102,2,1,0
BRDA:121,3,0,0
BRDA:121,3,1,0
BRDA:123,4,0,0
BRDA:123,4,1,0
BRDA:125,5,0,0
BRDA:125,5,1,0
BRDA:152,6,0,0
BRDA:152,6,1,0
BRDA:164,7,0,0
BRDA:164,7,1,0
BRDA:169,8,0,0
BRDA:169,8,1,0
BRDA:172,9,0,0
BRDA:172,9,1,0
BRDA:185,10,0,0
BRDA:185,10,1,0
BRDA:191,11,0,0
BRDA:191,11,1,0
BRDA:191,12,0,0
BRDA:191,12,1,0
BRDA:201,13,0,0
BRDA:201,13,1,0
BRDA:222,14,0,0
BRDA:222,14,1,0
BRDA:250,15,0,0
BRDA:250,15,1,0
BRDA:265,16,0,0
BRDA:265,16,1,0
BRDA:271,17,0,0
BRDA:271,17,1,0
BRDA:271,18,0,0
BRDA:271,18,1,0
BRDA:285,19,0,0
BRDA:285,19,1,0
BRDA:299,20,0,0
BRDA:299,20,1,0
BRDA:308,21,0,0
BRDA:312,22,0,0
BRDA:312,22,1,0
BRDA:321,23,0,0
BRDA:325,24,0,0
BRDA:325,24,1,0
BRDA:344,25,0,0
BRDA:344,25,1,0
BRDA:357,26,0,0
BRDA:357,26,1,0
BRF:52
BRH:0
end_of_record
TN:
SF:src/api/rate-limiting-api.ts
FN:31,(anonymous_0)
FNF:1
FNH:0
FNDA:0,(anonymous_0)
DA:10,0
DA:37,0
DA:38,0
DA:45,0
DA:46,0
DA:48,0
DA:49,0
DA:51,0
DA:56,0
LF:9
LH:0
BRDA:48,0,0,0
BRDA:48,0,1,0
BRF:2
BRH:0
end_of_record
TN:
SF:src/api/streaming-api.ts
FN:49,(anonymous_0)
FN:70,(anonymous_1)
FN:95,(anonymous_2)
FNF:3
FNH:0
FNDA:0,(anonymous_0)
FNDA:0,(anonymous_1)
FNDA:0,(anonymous_2)
DA:10,0
DA:52,0
DA:53,0
DA:54,0
DA:58,0
DA:60,0
DA:61,0
DA:62,0
DA:74,0
DA:75,0
DA:79,0
DA:83,0
DA:85,0
DA:86,0
DA:87,0
DA:102,0
DA:103,0
DA:106,0
DA:108,0
DA:109,0
DA:110,0
DA:115,0
LF:22
LH:0
BRDA:60,0,0,0
BRDA:60,0,1,0
BRDA:72,1,0,0
BRDA:85,2,0,0
BRDA:85,2,1,0
BRDA:108,3,0,0
BRDA:108,3,1,0
BRF:7
BRH:0
end_of_record
TN:
SF:src/api/support-api.ts
FN:26,(anonymous_0)
FN:40,(anonymous_1)
FN:44,(anonymous_2)
FN:47,(anonymous_3)
FN:56,(anonymous_4)
FN:85,(anonymous_5)
FN:99,(anonymous_6)
FN:116,(anonymous_7)
FN:136,(anonymous_8)
FN:153,(anonymous_9)
FN:169,(anonymous_10)
FN:178,(anonymous_11)
FN:203,(anonymous_12)
FNF:13
FNH:0
FNDA:0,(anonymous_0)
FNDA:0,(anonymous_1)
FNDA:0,(anonymous_2)
FNDA:0,(anonymous_3)
FNDA:0,(anonymous_4)
FNDA:0,(anonymous_5)
FNDA:0,(anonymous_6)
FNDA:0,(anonymous_7)
FNDA:0,(anonymous_8)
FNDA:0,(anonymous_9)
FNDA:0,(anonymous_10)
FNDA:0,(anonymous_11)
FNDA:0,(anonymous_12)
DA:20,0
DA:27,0
DA:28,0
DA:29,0
DA:31,0
DA:32,0
DA:33,0
DA:41,0
DA:42,0
DA:43,0
DA:44,0
DA:46,0
DA:47,0
DA:49,0
DA:50,0
DA:52,0
DA:53,0
DA:55,0
DA:56,0
DA:58,0
DA:59,0
DA:61,0
DA:62,0
DA:64,0
DA:65,0
DA:68,0
DA:69,0
DA:73,0
DA:74,0
DA:76,0
DA:77,0
DA:78,0
DA:86,0
DA:87,0
DA:88,0
DA:90,0
DA:91,0
DA:92,0
DA:100,0
DA:101,0
DA:105,0
DA:107,0
DA:108,0
DA:109,0
DA:120,0
DA:121,0
DA:125,0
DA:127,0
DA:128,0
DA:129,0
DA:137,0
DA:138,0
DA:142,0
DA:144,0
DA:145,0
DA:146,0
DA:154,0
DA:155,0
DA:158,0
DA:160,0
DA:161,0
DA:162,0
DA:173,0
DA:174,0
DA:175,0
DA:177,0
DA:178,0
DA:179,0
DA:183,0
DA:192,0
DA:194,0
DA:195,0
DA:196,0
DA:204,0
DA:205,0
DA:206,0
DA:208,0
DA:209,0
DA:210,0
DA:228,0
LF:80
LH:0
BRDA:31,0,0,0
BRDA:31,0,1,0
BRDA:43,1,0,0
BRDA:43,1,1,0
BRDA:46,2,0,0
BRDA:46,2,1,0
BRDA:49,3,0,0
BRDA:49,3,1,0
BRDA:52,4,0,0
BRDA:52,4,1,0
BRDA:55,5,0,0
BRDA:55,5,1,0
BRDA:58,6,0,0
BRDA:58,6,1,0
BRDA:61,7,0,0
BRDA:61,7,1,0
BRDA:64,8,0,0
BRDA:64,8,1,0
BRDA:69,9,0,0
BRDA:69,9,1,0
BRDA:76,10,0,0
BRDA:76,10,1,0
BRDA:90,11,0,0
BRDA:90,11,1,0
BRDA:107,12,0,0
BRDA:107,12,1,0
BRDA:127,13,0,0
BRDA:127,13,1,0
BRDA:144,14,0,0
BRDA:144,14,1,0
BRDA:160,15,0,0
BRDA:160,15,1,0
BRDA:177,16,0,0
BRDA:177,16,1,0
BRDA:194,17,0,0
BRDA:194,17,1,0
BRDA:208,18,0,0
BRDA:208,18,1,0
BRF:38
BRH:0
end_of_record
TN:
SF:src/api/types.ts
FNF:0
FNH:0
LF:0
LH:0
BRF:0
BRH:0
end_of_record
TN:
SF:src/api/verification-api.ts
FN:32,(anonymous_0)
FN:40,(anonymous_1)
FN:59,(anonymous_2)
FNF:3
FNH:0
FNDA:0,(anonymous_0)
FNDA:0,(anonymous_1)
FNDA:0,(anonymous_2)
DA:11,0
DA:37,0
DA:38,0
DA:39,0
DA:40,0
DA:42,0
DA:43,0
DA:45,0
DA:46,0
DA:47,0
DA:49,0
DA:50,0
DA:51,0
DA:65,0
DA:66,0
DA:70,0
DA:71,0
DA:74,0
DA:78,0
DA:80,0
DA:81,0
DA:82,0
DA:87,0
LF:23
LH:0
BRDA:39,0,0,0
BRDA:39,0,1,0
BRDA:39,1,0,0
BRDA:39,1,1,0
BRDA:42,2,0,0
BRDA:42,2,1,0
BRDA:43,3,0,0
BRDA:43,3,1,0
BRDA:45,4,0,0
BRDA:45,4,1,0
BRDA:49,5,0,0
BRDA:49,5,1,0
BRDA:70,6,0,0
BRDA:70,6,1,0
BRDA:75,7,0,0
BRDA:75,7,1,0
BRDA:80,8,0,0
BRDA:80,8,1,0
BRF:18
BRH:0
end_of_record
TN:
SF:src/components/discovery-preferences.ts
FN:111,hasActiveDiscoveryFilters
FNF:1
FNH:0
FNDA:0,hasActiveDiscoveryFilters
DA:30,0
DA:54,0
DA:77,0
DA:98,0
DA:109,0
DA:112,0
DA:114,0
LF:7
LH:0
BRDA:115,0,0,0
BRDA:115,0,1,0
BRDA:115,0,2,0
BRDA:115,0,3,0
BRDA:115,0,4,0
BRDA:115,0,5,0
BRDA:115,0,6,0
BRDA:115,0,7,0
BRDA:115,0,8,0
BRDA:115,0,9,0
BRDA:115,0,10,0
BRDA:115,0,11,0
BRDA:115,0,12,0
BRDA:115,0,13,0
BRDA:115,0,14,0
BRDA:115,0,15,0
BRDA:115,0,16,0
BRF:17
BRH:0
end_of_record
TN:
SF:src/components/chat/index.ts
FNF:0
FNH:0
LF:0
LH:0
BRF:0
BRH:0
end_of_record
TN:
SF:src/components/chat/bubble-wrapper-god-tier/index.ts
FNF:0
FNH:0
DA:3,0
DA:4,0
DA:5,0
DA:6,0
DA:7,0
DA:8,0
DA:9,0
DA:10,0
DA:11,0
DA:12,0
DA:13,0
DA:14,0
DA:15,0
DA:16,0
LF:14
LH:0
BRF:0
BRH:0
end_of_record
TN:
SF:src/components/chat/features/input-handling/index.ts
FNF:0
FNH:0
LF:0
LH:0
BRF:0
BRH:0
end_of_record
TN:
SF:src/components/chat/features/media/index.ts
FNF:0
FNH:0
LF:0
LH:0
BRF:0
BRH:0
end_of_record
TN:
SF:src/components/chat/features/message-management/index.ts
FNF:0
FNH:0
LF:0
LH:0
BRF:0
BRH:0
end_of_record
TN:
SF:src/components/chat/features/reactions/index.ts
FNF:0
FNH:0
LF:0
LH:0
BRF:0
BRH:0
end_of_record
TN:
SF:src/components/chat/window/index.ts
FNF:0
FNH:0
LF:0
LH:0
BRF:0
BRH:0
end_of_record
TN:
SF:src/components/community/features/feed/index.ts
FNF:0
FNH:0
LF:0
LH:0
BRF:0
BRH:0
end_of_record
TN:
SF:src/components/community/features/post-actions/index.ts
FNF:0
FNH:0
LF:0
LH:0
BRF:0
BRH:0
end_of_record
TN:
SF:src/components/community/features/pull-to-refresh/index.ts
FNF:0
FNH:0
LF:0
LH:0
BRF:0
BRH:0
end_of_record
TN:
SF:src/components/community/features/trending-tags/index.ts
FNF:0
FNH:0
LF:0
LH:0
BRF:0
BRH:0
end_of_record
TN:
SF:src/components/compliance/index.ts
FNF:0
FNH:0
LF:0
LH:0
BRF:0
BRH:0
end_of_record
TN:
SF:src/components/enhanced/index.ts
FNF:0
FNH:0
LF:0
LH:0
BRF:0
BRH:0
end_of_record
TN:
SF:src/components/enhanced-ui/index.ts
FNF:0
FNH:0
LF:0
LH:0
BRF:0
BRH:0
end_of_record
TN:
SF:src/components/enhanced/buttons/index.ts
FNF:0
FNH:0
LF:0
LH:0
BRF:0
BRH:0
end_of_record
TN:
SF:src/components/enhanced/display/index.ts
FNF:0
FNH:0
LF:0
LH:0
BRF:0
BRH:0
end_of_record
TN:
SF:src/components/enhanced/forms/index.ts
FNF:0
FNH:0
LF:0
LH:0
BRF:0
BRH:0
end_of_record
TN:
SF:src/components/enhanced/navigation/index.ts
FNF:0
FNH:0
LF:0
LH:0
BRF:0
BRH:0
end_of_record
TN:
SF:src/components/enhanced/overlays/index.ts
FNF:0
FNH:0
LF:0
LH:0
BRF:0
BRH:0
end_of_record
TN:
SF:src/components/enhanced/states/index.ts
FNF:0
FNH:0
LF:0
LH:0
BRF:0
BRH:0
end_of_record
TN:
SF:src/components/media-editor/index.ts
FNF:0
FNH:0
LF:0
LH:0
BRF:0
BRH:0
end_of_record
TN:
SF:src/components/notifications/index.ts
FNF:0
FNH:0
LF:0
LH:0
BRF:0
BRH:0
end_of_record
TN:
SF:src/components/notifications/types.ts
FNF:0
FNH:0
LF:0
LH:0
BRF:0
BRH:0
end_of_record
TN:
SF:src/components/ui/segmented-control.tsx
FN:32,useSliderPosition
FN:40,(anonymous_1)
FN:64,(anonymous_2)
FN:74,(anonymous_3)
FN:80,(anonymous_4)
FN:88,useKeyboardNavigation
FN:95,(anonymous_6)
FN:130,SlidingIndicator
FN:144,SegmentedButton
FN:159,(anonymous_9)
FN:194,useSegmentedControlState
FN:202,(anonymous_11)
FN:219,(anonymous_12)
FN:254,SegmentedControl
FN:288,(anonymous_14)
FN:295,(anonymous_15)
FNF:16
FNH:15
FNDA:54,useSliderPosition
FNDA:28,(anonymous_1)
FNDA:28,(anonymous_2)
FNDA:0,(anonymous_3)
FNDA:27,(anonymous_4)
FNDA:54,useKeyboardNavigation
FNDA:10,(anonymous_6)
FNDA:27,SlidingIndicator
FNDA:157,SegmentedButton
FNDA:314,(anonymous_9)
FNDA:54,useSegmentedControlState
FNDA:72,(anonymous_11)
FNDA:2,(anonymous_12)
FNDA:54,SegmentedControl
FNDA:157,(anonymous_14)
FNDA:2,(anonymous_15)
DA:37,54
DA:38,54
DA:40,54
DA:41,28
DA:42,28
DA:43,0
DA:44,0
DA:45,0
DA:48,28
DA:49,28
DA:50,28
DA:51,1
DA:52,1
DA:53,1
DA:56,27
DA:57,27
DA:58,27
DA:60,27
DA:61,27
DA:64,54
DA:65,28
DA:67,28
DA:68,1
DA:71,27
DA:72,27
DA:74,27
DA:75,0
DA:78,27
DA:80,27
DA:81,27
DA:85,54
DA:94,54
DA:96,10
DA:97,3
DA:100,7
DA:102,7
DA:104,7
DA:106,7
DA:107,2
DA:108,5
DA:109,3
DA:110,2
DA:111,1
DA:112,1
DA:113,1
DA:116,7
DA:117,7
DA:119,7
DA:121,7
DA:122,7
DA:123,7
DA:131,27
DA:157,157
DA:160,314
DA:199,54
DA:200,54
DA:202,72
DA:203,54
DA:205,54
DA:211,54
DA:218,54
DA:220,2
DA:221,1
DA:227,54
DA:234,54
DA:263,54
DA:271,54
DA:273,54
DA:289,157
DA:295,2
LF:70
LH:66
BRDA:42,0,0,0
BRDA:42,0,1,28
BRDA:50,1,0,1
BRDA:50,1,1,27
BRDA:67,2,0,1
BRDA:67,2,1,27
BRDA:72,3,0,0
BRDA:72,3,1,27
BRDA:96,4,0,3
BRDA:96,4,1,7
BRDA:102,5,0,0
BRDA:102,5,1,7
BRDA:106,6,0,2
BRDA:106,6,1,5
BRDA:107,7,0,1
BRDA:107,7,1,1
BRDA:108,8,0,3
BRDA:108,8,1,2
BRDA:109,9,0,1
BRDA:109,9,1,2
BRDA:110,10,0,1
BRDA:110,10,1,1
BRDA:112,11,0,1
BRDA:112,11,1,0
BRDA:117,12,0,0
BRDA:117,12,1,7
BRDA:122,13,0,7
BRDA:122,13,1,0
BRDA:167,14,0,51
BRDA:167,14,1,106
BRDA:174,15,0,157
BRDA:174,15,1,51
BRDA:178,16,0,157
BRDA:178,16,1,4
BRDA:182,17,0,2
BRDA:182,17,1,2
BRDA:203,18,0,3
BRDA:203,18,1,51
BRDA:220,19,0,1
BRDA:220,19,1,1
BRDA:227,20,0,27
BRDA:227,20,1,27
BRDA:227,21,0,54
BRDA:227,21,1,27
BRDA:278,22,0,54
BRDA:278,22,1,2
BRDA:281,23,0,54
BRDA:281,23,1,52
BRDA:286,24,0,54
BRDA:286,24,1,27
BRF:50
BRH:44
end_of_record
TN:
SF:src/components/views/discovery-constants.ts
FNF:0
FNH:0
DA:1,0
DA:24,0
DA:45,0
DA:56,0
LF:4
LH:0
BRF:0
BRH:0
end_of_record
TN:
SF:src/components/views/discover/types.ts
FNF:0
FNH:0
LF:0
LH:0
BRF:0
BRH:0
end_of_record
TN:
SF:src/components/virtual/index.ts
FNF:0
FNH:0
LF:0
LH:0
BRF:0
BRH:0
end_of_record
TN:
SF:src/config/absolute-max-ui-mode.ts
FNF:0
FNH:0
DA:95,0
LF:1
LH:0
BRF:0
BRH:0
end_of_record
TN:
SF:src/config/build-guards.ts
FN:35,(anonymous_0)
FN:44,(anonymous_1)
FNF:2
FNH:0
FNDA:0,(anonymous_0)
FNDA:0,(anonymous_1)
DA:11,0
DA:13,0
DA:14,0
DA:27,0
DA:28,0
DA:35,0
DA:37,0
DA:38,0
DA:44,0
DA:49,0
DA:57,0
DA:58,0
LF:12
LH:0
BRDA:13,0,0,0
BRDA:13,0,1,0
BRDA:13,1,0,0
BRDA:13,1,1,0
BRDA:27,2,0,0
BRDA:27,2,1,0
BRDA:37,3,0,0
BRDA:37,3,1,0
BRDA:41,4,0,0
BRDA:41,4,1,0
BRDA:50,5,0,0
BRDA:50,5,1,0
BRDA:51,6,0,0
BRDA:51,6,1,0
BRDA:52,7,0,0
BRDA:52,7,1,0
BRDA:57,8,0,0
BRDA:57,8,1,0
BRDA:57,9,0,0
BRDA:57,9,1,0
BRF:20
BRH:0
end_of_record
TN:
SF:src/config/feature-flags.ts
FN:28,getFeatureFlags
FN:54,useFeatureFlags
FNF:2
FNH:0
FNDA:0,getFeatureFlags
FNDA:0,useFeatureFlags
DA:17,0
DA:30,0
DA:31,0
DA:32,0
DA:33,0
DA:38,0
DA:39,0
DA:48,0
DA:55,0
LF:9
LH:0
BRDA:30,0,0,0
BRDA:30,0,1,0
BRDA:30,1,0,0
BRDA:30,1,1,0
BRDA:32,2,0,0
BRDA:32,2,1,0
BRDA:38,3,0,0
BRDA:38,3,1,0
BRDA:38,4,0,0
BRDA:38,4,1,0
BRF:10
BRH:0
end_of_record
TN:
SF:src/config/legal-urls.ts
FNF:0
FNH:0
DA:8,0
LF:1
LH:0
BRDA:9,0,0,0
BRDA:9,0,1,0
BRDA:10,1,0,0
BRDA:10,1,1,0
BRF:4
BRH:0
end_of_record
TN:
SF:src/core/types.ts
FNF:0
FNH:0
LF:0
LH:0
BRF:0
BRH:0
end_of_record
TN:
SF:src/core/utils.ts
FN:23,mergeWithStrictOptionals
FN:52,isExplicitlyUndefined
FNF:2
FNH:0
FNDA:0,mergeWithStrictOptionals
FNDA:0,isExplicitlyUndefined
DA:27,0
DA:29,0
DA:30,0
DA:31,0
DA:32,0
DA:34,0
DA:37,0
DA:42,0
DA:56,0
LF:9
LH:0
BRDA:30,0,0,0
BRDA:30,0,1,0
BRDA:32,1,0,0
BRDA:32,1,1,0
BRDA:56,2,0,0
BRDA:56,2,1,0
BRF:6
BRH:0
end_of_record
TN:
SF:src/core/a11y/fixed-references.ts
FN:29,generateStableId
FN:38,formatStableTimestamp
FN:63,formatStableRelativeTimestamp
FN:95,createStableMessageReference
FN:117,createStableMessageReferenceRelative
FN:144,getStableMessageReference
FN:169,clearReferenceCache
FNF:7
FNH:0
FNDA:0,generateStableId
FNDA:0,formatStableTimestamp
FNDA:0,formatStableRelativeTimestamp
FNDA:0,createStableMessageReference
FNDA:0,createStableMessageReferenceRelative
FNDA:0,getStableMessageReference
FNDA:0,clearReferenceCache
DA:14,0
DA:32,0
DA:39,0
DA:41,0
DA:42,0
DA:43,0
DA:48,0
DA:57,0
DA:64,0
DA:66,0
DA:67,0
DA:68,0
DA:71,0
DA:72,0
DA:73,0
DA:74,0
DA:75,0
DA:78,0
DA:79,0
DA:80,0
DA:81,0
DA:82,0
DA:83,0
DA:84,0
DA:85,0
DA:88,0
DA:101,0
DA:102,0
DA:103,0
DA:104,0
DA:106,0
DA:123,0
DA:124,0
DA:125,0
DA:126,0
DA:128,0
DA:139,0
DA:151,0
DA:153,0
DA:154,0
DA:157,0
DA:161,0
DA:163,0
DA:170,0
LF:44
LH:0
BRDA:39,0,0,0
BRDA:39,0,1,0
BRDA:41,1,0,0
BRDA:41,1,1,0
BRDA:64,2,0,0
BRDA:64,2,1,0
BRDA:66,3,0,0
BRDA:66,3,1,0
BRDA:78,4,0,0
BRDA:78,4,1,0
BRDA:80,5,0,0
BRDA:80,5,1,0
BRDA:81,6,0,0
BRDA:81,6,1,0
BRDA:82,7,0,0
BRDA:82,7,1,0
BRDA:83,8,0,0
BRDA:83,8,1,0
BRDA:84,9,0,0
BRDA:84,9,1,0
BRDA:85,10,0,0
BRDA:85,10,1,0
BRDA:104,11,0,0
BRDA:104,11,1,0
BRDA:104,12,0,0
BRDA:104,12,1,0
BRDA:126,13,0,0
BRDA:126,13,1,0
BRDA:126,14,0,0
BRDA:126,14,1,0
BRDA:149,15,0,0
BRDA:151,16,0,0
BRDA:151,16,1,0
BRDA:153,17,0,0
BRDA:153,17,1,0
BRDA:157,18,0,0
BRDA:157,18,1,0
BRF:37
BRH:0
end_of_record
TN:
SF:src/core/a11y/focus-appearance.ts
FN:71,getAdjacentColors
FN:87,(anonymous_1)
FN:109,rgbToHex
FN:119,(anonymous_3)
FN:125,checkContrastAgainstAdjacentColors
FN:161,getComputedFocusThickness
FN:192,validateFocusAppearance
FN:272,ensureFocusAppearance
FN:310,getFocusAppearanceCSS
FN:328,validateFocusAppearanceBatch
FN:332,(anonymous_10)
FNF:11
FNH:0
FNDA:0,getAdjacentColors
FNDA:0,(anonymous_1)
FNDA:0,rgbToHex
FNDA:0,(anonymous_3)
FNDA:0,checkContrastAgainstAdjacentColors
FNDA:0,getComputedFocusThickness
FNDA:0,validateFocusAppearance
FNDA:0,ensureFocusAppearance
FNDA:0,getFocusAppearanceCSS
FNDA:0,validateFocusAppearanceBatch
FNDA:0,(anonymous_10)
DA:16,0
DA:33,0
DA:45,0
DA:72,0
DA:73,0
DA:76,0
DA:77,0
DA:78,0
DA:82,0
DA:83,0
DA:84,0
DA:85,0
DA:87,0
DA:88,0
DA:89,0
DA:94,0
DA:95,0
DA:96,0
DA:97,0
DA:98,0
DA:99,0
DA:103,0
DA:110,0
DA:111,0
DA:112,0
DA:115,0
DA:116,0
DA:117,0
DA:119,0
DA:130,0
DA:131,0
DA:132,0
DA:134,0
DA:135,0
DA:136,0
DA:137,0
DA:138,0
DA:140,0
DA:141,0
DA:145,0
DA:151,0
DA:162,0
DA:165,0
DA:166,0
DA:167,0
DA:168,0
DA:169,0
DA:174,0
DA:175,0
DA:177,0
DA:178,0
DA:179,0
DA:180,0
DA:181,0
DA:186,0
DA:196,0
DA:199,0
DA:200,0
DA:201,0
DA:211,0
DA:212,0
DA:213,0
DA:216,0
DA:218,0
DA:219,0
DA:220,0
DA:221,0
DA:225,0
DA:226,0
DA:227,0
DA:229,0
DA:230,0
DA:231,0
DA:234,0
DA:235,0
DA:240,0
DA:241,0
DA:242,0
DA:244,0
DA:245,0
DA:247,0
DA:248,0
DA:249,0
DA:252,0
DA:263,0
DA:264,0
DA:277,0
DA:278,0
DA:281,0
DA:282,0
DA:285,0
DA:288,0
DA:291,0
DA:292,0
DA:293,0
DA:296,0
DA:297,0
DA:298,0
DA:301,0
DA:311,0
DA:312,0
DA:318,0
DA:319,0
DA:320,0
DA:332,0
LF:105
LH:0
BRDA:77,0,0,0
BRDA:77,0,1,0
BRDA:77,1,0,0
BRDA:77,1,1,0
BRDA:77,1,2,0
BRDA:88,2,0,0
BRDA:88,2,1,0
BRDA:88,3,0,0
BRDA:88,3,1,0
BRDA:88,3,2,0
BRDA:88,3,3,0
BRDA:95,4,0,0
BRDA:95,4,1,0
BRDA:98,5,0,0
BRDA:98,5,1,0
BRDA:98,6,0,0
BRDA:98,6,1,0
BRDA:98,6,2,0
BRDA:111,7,0,0
BRDA:111,7,1,0
BRDA:115,8,0,0
BRDA:115,8,1,0
BRDA:116,9,0,0
BRDA:116,9,1,0
BRDA:117,10,0,0
BRDA:117,10,1,0
BRDA:140,11,0,0
BRDA:140,11,1,0
BRDA:145,12,0,0
BRDA:145,12,1,0
BRDA:153,13,0,0
BRDA:153,13,1,0
BRDA:166,14,0,0
BRDA:166,14,1,0
BRDA:168,15,0,0
BRDA:168,15,1,0
BRDA:168,16,0,0
BRDA:168,16,1,0
BRDA:175,17,0,0
BRDA:175,17,1,0
BRDA:175,18,0,0
BRDA:175,18,1,0
BRDA:178,19,0,0
BRDA:178,19,1,0
BRDA:179,20,0,0
BRDA:179,20,1,0
BRDA:180,21,0,0
BRDA:180,21,1,0
BRDA:180,22,0,0
BRDA:180,22,1,0
BRDA:194,23,0,0
BRDA:199,24,0,0
BRDA:199,24,1,0
BRDA:199,25,0,0
BRDA:199,25,1,0
BRDA:199,25,2,0
BRDA:199,25,3,0
BRDA:199,25,4,0
BRDA:199,25,5,0
BRDA:212,26,0,0
BRDA:212,26,1,0
BRDA:220,27,0,0
BRDA:220,27,1,0
BRDA:230,28,0,0
BRDA:230,28,1,0
BRDA:234,29,0,0
BRDA:234,29,1,0
BRDA:244,30,0,0
BRDA:244,30,1,0
BRDA:244,30,2,0
BRDA:245,31,0,0
BRDA:245,31,1,0
BRDA:247,32,0,0
BRDA:247,32,1,0
BRDA:248,33,0,0
BRDA:248,33,1,0
BRDA:253,34,0,0
BRDA:253,34,1,0
BRDA:253,34,2,0
BRDA:263,35,0,0
BRDA:263,35,1,0
BRDA:263,36,0,0
BRDA:263,36,1,0
BRDA:274,37,0,0
BRDA:277,38,0,0
BRDA:277,38,1,0
BRDA:278,39,0,0
BRDA:278,39,1,0
BRDA:291,40,0,0
BRDA:291,40,1,0
BRDA:310,41,0,0
BRDA:311,42,0,0
BRDA:311,42,1,0
BRDA:330,43,0,0
BRF:94
BRH:0
end_of_record
TN:
SF:src/core/a11y/focus-not-obscured.ts
FN:31,isElementObscuredBy
FN:45,findStickyElements
FN:68,isElementFullyVisible
FN:83,calculateScrollOffset
FN:111,checkFocusNotObscured
FN:173,ensureFocusNotObscured
FN:226,setupFocusNotObscuredMonitor
FN:230,(anonymous_7)
FN:235,(anonymous_8)
FN:246,(anonymous_9)
FN:255,checkFocusNotObscuredBatch
FN:256,(anonymous_11)
FNF:12
FNH:0
FNDA:0,isElementObscuredBy
FNDA:0,findStickyElements
FNDA:0,isElementFullyVisible
FNDA:0,calculateScrollOffset
FNDA:0,checkFocusNotObscured
FNDA:0,ensureFocusNotObscured
FNDA:0,setupFocusNotObscuredMonitor
FNDA:0,(anonymous_7)
FNDA:0,(anonymous_8)
FNDA:0,(anonymous_9)
FNDA:0,checkFocusNotObscuredBatch
FNDA:0,(anonymous_11)
DA:15,0
DA:32,0
DA:33,0
DA:36,0
DA:37,0
DA:39,0
DA:46,0
DA:47,0
DA:49,0
DA:50,0
DA:51,0
DA:54,0
DA:55,0
DA:57,0
DA:58,0
DA:62,0
DA:69,0
DA:70,0
DA:71,0
DA:75,0
DA:77,0
DA:84,0
DA:85,0
DA:86,0
DA:88,0
DA:89,0
DA:92,0
DA:93,0
DA:94,0
DA:95,0
DA:99,0
DA:100,0
DA:101,0
DA:102,0
DA:105,0
DA:113,0
DA:115,0
DA:116,0
DA:117,0
DA:126,0
DA:129,0
DA:130,0
DA:131,0
DA:132,0
DA:136,0
DA:137,0
DA:147,0
DA:148,0
DA:151,0
DA:156,0
DA:157,0
DA:164,0
DA:174,0
DA:176,0
DA:177,0
DA:179,0
DA:186,0
DA:187,0
DA:194,0
DA:201,0
DA:202,0
DA:203,0
DA:206,0
DA:208,0
DA:209,0
DA:210,0
DA:212,0
DA:214,0
DA:227,0
DA:229,0
DA:230,0
DA:235,0
DA:236,0
DA:237,0
DA:238,0
DA:242,0
DA:244,0
DA:246,0
DA:247,0
DA:248,0
DA:256,0
LF:81
LH:0
BRDA:36,0,0,0
BRDA:36,0,1,0
BRDA:37,1,0,0
BRDA:37,1,1,0
BRDA:39,2,0,0
BRDA:39,2,1,0
BRDA:45,3,0,0
BRDA:50,4,0,0
BRDA:50,4,1,0
BRDA:57,5,0,0
BRDA:57,5,1,0
BRDA:57,6,0,0
BRDA:57,6,1,0
BRDA:70,7,0,0
BRDA:70,7,1,0
BRDA:71,8,0,0
BRDA:71,8,1,0
BRDA:75,9,0,0
BRDA:75,9,1,0
BRDA:75,9,2,0
BRDA:75,9,3,0
BRDA:85,10,0,0
BRDA:85,10,1,0
BRDA:86,11,0,0
BRDA:86,11,1,0
BRDA:92,12,0,0
BRDA:92,12,1,0
BRDA:94,13,0,0
BRDA:94,13,1,0
BRDA:99,14,0,0
BRDA:99,14,1,0
BRDA:101,15,0,0
BRDA:101,15,1,0
BRDA:115,16,0,0
BRDA:115,16,1,0
BRDA:130,17,0,0
BRDA:130,17,1,0
BRDA:136,18,0,0
BRDA:136,18,1,0
BRDA:151,19,0,0
BRDA:151,19,1,0
BRDA:151,19,2,0
BRDA:151,19,3,0
BRDA:156,20,0,0
BRDA:156,20,1,0
BRDA:176,21,0,0
BRDA:176,21,1,0
BRDA:177,22,0,0
BRDA:177,22,1,0
BRDA:177,23,0,0
BRDA:177,23,1,0
BRDA:186,24,0,0
BRDA:186,24,1,0
BRDA:186,25,0,0
BRDA:186,25,1,0
BRDA:201,26,0,0
BRDA:201,26,1,0
BRDA:208,27,0,0
BRDA:208,27,1,0
BRDA:209,28,0,0
BRDA:209,28,1,0
BRDA:226,29,0,0
BRDA:227,30,0,0
BRDA:229,31,0,0
BRDA:229,31,1,0
BRDA:237,32,0,0
BRDA:237,32,1,0
BRF:67
BRH:0
end_of_record
TN:
SF:src/core/a11y/index.ts
FNF:0
FNH:0
LF:0
LH:0
BRF:0
BRH:0
end_of_record
TN:
SF:src/core/a11y/keyboard-shortcuts.ts
FN:44,(anonymous_0)
FN:64,(anonymous_1)
FN:81,(anonymous_2)
FN:88,(anonymous_3)
FN:89,(anonymous_4)
FN:95,(anonymous_5)
FN:103,(anonymous_6)
FN:110,(anonymous_7)
FN:156,(anonymous_8)
FN:171,(anonymous_9)
FN:183,(anonymous_10)
FN:196,(anonymous_11)
FN:217,(anonymous_12)
FN:218,(anonymous_13)
FN:229,(anonymous_14)
FN:240,(anonymous_15)
FN:257,getKeyboardShortcutsRegistry
FN:264,registerKeyboardShortcut
FN:271,unregisterKeyboardShortcut
FN:284,getKeyboardShortcuts
FN:291,getKeyboardShortcutsByContext
FNF:21
FNH:0
FNDA:0,(anonymous_0)
FNDA:0,(anonymous_1)
FNDA:0,(anonymous_2)
FNDA:0,(anonymous_3)
FNDA:0,(anonymous_4)
FNDA:0,(anonymous_5)
FNDA:0,(anonymous_6)
FNDA:0,(anonymous_7)
FNDA:0,(anonymous_8)
FNDA:0,(anonymous_9)
FNDA:0,(anonymous_10)
FNDA:0,(anonymous_11)
FNDA:0,(anonymous_12)
FNDA:0,(anonymous_13)
FNDA:0,(anonymous_14)
FNDA:0,(anonymous_15)
FNDA:0,getKeyboardShortcutsRegistry
FNDA:0,registerKeyboardShortcut
FNDA:0,unregisterKeyboardShortcut
FNDA:0,getKeyboardShortcuts
FNDA:0,getKeyboardShortcutsByContext
DA:15,0
DA:37,0
DA:38,0
DA:39,0
DA:45,0
DA:47,0
DA:48,0
DA:49,0
DA:52,0
DA:53,0
DA:56,0
DA:57,0
DA:65,0
DA:67,0
DA:68,0
DA:69,0
DA:72,0
DA:73,0
DA:82,0
DA:89,0
DA:96,0
DA:97,0
DA:104,0
DA:111,0
DA:112,0
DA:115,0
DA:123,0
DA:125,0
DA:127,0
DA:128,0
DA:129,0
DA:133,0
DA:134,0
DA:138,0
DA:139,0
DA:143,0
DA:144,0
DA:145,0
DA:147,0
DA:148,0
DA:158,0
DA:170,0
DA:172,0
DA:184,0
DA:203,0
DA:205,0
DA:206,0
DA:207,0
DA:208,0
DA:209,0
DA:211,0
DA:218,0
DA:219,0
DA:222,0
DA:223,0
DA:230,0
DA:231,0
DA:232,0
DA:233,0
DA:241,0
DA:242,0
DA:243,0
DA:245,0
DA:252,0
DA:258,0
DA:265,0
DA:278,0
DA:285,0
DA:292,0
LF:69
LH:0
BRDA:47,0,0,0
BRDA:47,0,1,0
BRDA:56,1,0,0
BRDA:56,1,1,0
BRDA:67,2,0,0
BRDA:67,2,1,0
BRDA:72,3,0,0
BRDA:72,3,1,0
BRDA:72,4,0,0
BRDA:72,4,1,0
BRDA:111,5,0,0
BRDA:111,5,1,0
BRDA:125,6,0,0
BRDA:125,6,1,0
BRDA:127,7,0,0
BRDA:127,7,1,0
BRDA:133,8,0,0
BRDA:133,8,1,0
BRDA:138,9,0,0
BRDA:138,9,1,0
BRDA:147,10,0,0
BRDA:147,10,1,0
BRDA:172,11,0,0
BRDA:172,11,1,0
BRDA:172,11,2,0
BRDA:172,11,3,0
BRDA:172,11,4,0
BRDA:205,12,0,0
BRDA:205,12,1,0
BRDA:206,13,0,0
BRDA:206,13,1,0
BRDA:207,14,0,0
BRDA:207,14,1,0
BRDA:208,15,0,0
BRDA:208,15,1,0
BRDA:230,16,0,0
BRDA:230,16,1,0
BRDA:242,17,0,0
BRDA:242,17,1,0
BRF:39
BRH:0
end_of_record
TN:
SF:src/core/a11y/screen-reader-announcements.ts
FN:40,(anonymous_0)
FN:54,(anonymous_1)
FN:72,(anonymous_2)
FN:77,(anonymous_3)
FN:96,(anonymous_4)
FN:121,(anonymous_5)
FN:138,announceEnhanced
FN:150,announceStateChange
FN:166,announceActionCompletion
FN:178,announceError
FN:190,announceSuccess
FN:202,announceNavigation
FN:213,announceFormSubmission
FN:232,announceLoading
FN:243,announceLoaded
FN:254,clearAnnouncementQueue
FNF:16
FNH:0
FNDA:0,(anonymous_0)
FNDA:0,(anonymous_1)
FNDA:0,(anonymous_2)
FNDA:0,(anonymous_3)
FNDA:0,(anonymous_4)
FNDA:0,(anonymous_5)
FNDA:0,announceEnhanced
FNDA:0,announceStateChange
FNDA:0,announceActionCompletion
FNDA:0,announceError
FNDA:0,announceSuccess
FNDA:0,announceNavigation
FNDA:0,announceFormSubmission
FNDA:0,announceLoading
FNDA:0,announceLoaded
FNDA:0,clearAnnouncementQueue
DA:15,0
DA:32,0
DA:33,0
DA:34,0
DA:35,0
DA:42,0
DA:43,0
DA:44,0
DA:47,0
DA:48,0
DA:55,0
DA:56,0
DA:60,0
DA:61,0
DA:63,0
DA:66,0
DA:73,0
DA:74,0
DA:77,0
DA:78,0
DA:79,0
DA:80,0
DA:81,0
DA:84,0
DA:87,0
DA:88,0
DA:97,0
DA:100,0
DA:101,0
DA:105,0
DA:106,0
DA:107,0
DA:110,0
DA:112,0
DA:122,0
DA:123,0
DA:124,0
DA:125,0
DA:133,0
DA:139,0
DA:144,0
DA:156,0
DA:167,0
DA:168,0
DA:179,0
DA:191,0
DA:203,0
DA:204,0
DA:214,0
DA:215,0
DA:221,0
DA:233,0
DA:244,0
DA:255,0
LF:54
LH:0
BRDA:42,0,0,0
BRDA:42,0,1,0
BRDA:55,1,0,0
BRDA:55,1,1,0
BRDA:60,2,0,0
BRDA:60,2,1,0
BRDA:62,3,0,0
BRDA:62,3,1,0
BRDA:62,4,0,0
BRDA:62,4,1,0
BRDA:73,5,0,0
BRDA:73,5,1,0
BRDA:78,6,0,0
BRDA:78,6,1,0
BRDA:87,7,0,0
BRDA:87,7,1,0
BRDA:100,8,0,0
BRDA:100,8,1,0
BRDA:105,9,0,0
BRDA:105,9,1,0
BRDA:105,10,0,0
BRDA:105,10,1,0
BRDA:123,11,0,0
BRDA:123,11,1,0
BRDA:141,12,0,0
BRDA:141,12,1,0
BRDA:167,13,0,0
BRDA:167,13,1,0
BRDA:203,14,0,0
BRDA:203,14,1,0
BRDA:214,15,0,0
BRDA:214,15,1,0
BRF:32
BRH:0
end_of_record
TN:
SF:src/core/a11y/target-size.ts
FN:51,getElementDimensions
FN:69,getMinimumSpacing
FN:110,isInteractiveElement
FN:141,validateTargetSize
FN:208,ensureTargetSize
FN:252,validateTargetSizeBatch
FN:256,(anonymous_6)
FN:262,findInteractiveElements
FN:278,validateAllInteractiveElements
FN:289,(anonymous_9)
FNF:10
FNH:0
FNDA:0,getElementDimensions
FNDA:0,getMinimumSpacing
FNDA:0,isInteractiveElement
FNDA:0,validateTargetSize
FNDA:0,ensureTargetSize
FNDA:0,validateTargetSizeBatch
FNDA:0,(anonymous_6)
FNDA:0,findInteractiveElements
FNDA:0,validateAllInteractiveElements
FNDA:0,(anonymous_9)
DA:14,0
DA:27,0
DA:52,0
DA:53,0
DA:55,0
DA:56,0
DA:57,0
DA:58,0
DA:60,0
DA:70,0
DA:71,0
DA:72,0
DA:74,0
DA:75,0
DA:76,0
DA:79,0
DA:82,0
DA:83,0
DA:87,0
DA:88,0
DA:93,0
DA:94,0
DA:98,0
DA:99,0
DA:104,0
DA:111,0
DA:112,0
DA:113,0
DA:116,0
DA:117,0
DA:121,0
DA:122,0
DA:126,0
DA:127,0
DA:131,0
DA:132,0
DA:135,0
DA:145,0
DA:148,0
DA:149,0
DA:159,0
DA:160,0
DA:163,0
DA:164,0
DA:165,0
DA:171,0
DA:172,0
DA:173,0
DA:174,0
DA:180,0
DA:181,0
DA:182,0
DA:184,0
DA:185,0
DA:186,0
DA:191,0
DA:212,0
DA:214,0
DA:215,0
DA:216,0
DA:217,0
DA:220,0
DA:221,0
DA:222,0
DA:224,0
DA:225,0
DA:227,0
DA:235,0
DA:236,0
DA:237,0
DA:239,0
DA:241,0
DA:256,0
DA:263,0
DA:264,0
DA:266,0
DA:267,0
DA:268,0
DA:272,0
DA:286,0
DA:287,0
DA:289,0
DA:291,0
LF:83
LH:0
BRDA:55,0,0,0
BRDA:55,0,1,0
BRDA:56,1,0,0
BRDA:56,1,1,0
BRDA:57,2,0,0
BRDA:57,2,1,0
BRDA:58,3,0,0
BRDA:58,3,1,0
BRDA:75,4,0,0
BRDA:75,4,1,0
BRDA:75,5,0,0
BRDA:75,5,1,0
BRDA:82,6,0,0
BRDA:82,6,1,0
BRDA:82,7,0,0
BRDA:82,7,1,0
BRDA:87,8,0,0
BRDA:87,8,1,0
BRDA:87,9,0,0
BRDA:87,9,1,0
BRDA:93,10,0,0
BRDA:93,10,1,0
BRDA:93,11,0,0
BRDA:93,11,1,0
BRDA:98,12,0,0
BRDA:98,12,1,0
BRDA:98,13,0,0
BRDA:98,13,1,0
BRDA:104,14,0,0
BRDA:104,14,1,0
BRDA:116,15,0,0
BRDA:116,15,1,0
BRDA:121,16,0,0
BRDA:121,16,1,0
BRDA:121,17,0,0
BRDA:121,17,1,0
BRDA:126,18,0,0
BRDA:126,18,1,0
BRDA:126,19,0,0
BRDA:126,19,1,0
BRDA:131,20,0,0
BRDA:131,20,1,0
BRDA:143,21,0,0
BRDA:148,22,0,0
BRDA:148,22,1,0
BRDA:163,23,0,0
BRDA:163,23,1,0
BRDA:164,24,0,0
BRDA:164,24,1,0
BRDA:172,25,0,0
BRDA:172,25,1,0
BRDA:173,26,0,0
BRDA:173,26,1,0
BRDA:181,27,0,0
BRDA:181,27,1,0
BRDA:182,28,0,0
BRDA:182,28,1,0
BRDA:184,29,0,0
BRDA:184,29,1,0
BRDA:185,30,0,0
BRDA:185,30,1,0
BRDA:192,31,0,0
BRDA:192,31,1,0
BRDA:192,31,2,0
BRDA:201,32,0,0
BRDA:201,32,1,0
BRDA:210,33,0,0
BRDA:214,34,0,0
BRDA:214,34,1,0
BRDA:216,35,0,0
BRDA:216,35,1,0
BRDA:217,36,0,0
BRDA:217,36,1,0
BRDA:220,37,0,0
BRDA:220,37,1,0
BRDA:235,38,0,0
BRDA:235,38,1,0
BRDA:235,39,0,0
BRDA:235,39,1,0
BRDA:236,40,0,0
BRDA:236,40,1,0
BRDA:254,41,0,0
BRDA:262,42,0,0
BRDA:267,43,0,0
BRDA:267,43,1,0
BRDA:267,44,0,0
BRDA:267,44,1,0
BRDA:279,45,0,0
BRDA:280,46,0,0
BRF:89
BRH:0
end_of_record
TN:
SF:src/core/config/index.ts
FNF:0
FNH:0
DA:5,0
DA:6,0
LF:2
LH:0
BRF:0
BRH:0
end_of_record
TN:
SF:src/core/config/performance-budget.ts
FN:52,(anonymous_0)
FN:59,(anonymous_1)
FN:122,(anonymous_2)
FN:188,(anonymous_3)
FN:243,(anonymous_4)
FN:250,(anonymous_5)
FN:251,(anonymous_6)
FN:257,(anonymous_7)
FN:258,(anonymous_8)
FN:264,(anonymous_9)
FN:265,(anonymous_10)
FN:271,(anonymous_11)
FN:278,(anonymous_12)
FN:291,(anonymous_13)
FN:299,(anonymous_14)
FN:311,(anonymous_15)
FN:322,(anonymous_16)
FN:329,(anonymous_17)
FNF:18
FNH:0
FNDA:0,(anonymous_0)
FNDA:0,(anonymous_1)
FNDA:0,(anonymous_2)
FNDA:0,(anonymous_3)
FNDA:0,(anonymous_4)
FNDA:0,(anonymous_5)
FNDA:0,(anonymous_6)
FNDA:0,(anonymous_7)
FNDA:0,(anonymous_8)
FNDA:0,(anonymous_9)
FNDA:0,(anonymous_10)
FNDA:0,(anonymous_11)
FNDA:0,(anonymous_12)
FNDA:0,(anonymous_13)
FNDA:0,(anonymous_14)
FNDA:0,(anonymous_15)
FNDA:0,(anonymous_16)
FNDA:0,(anonymous_17)
DA:15,0
DA:50,0
DA:53,0
DA:60,0
DA:61,0
DA:64,0
DA:65,0
DA:76,0
DA:77,0
DA:88,0
DA:89,0
DA:90,0
DA:102,0
DA:103,0
DA:104,0
DA:115,0
DA:116,0
DA:123,0
DA:124,0
DA:126,0
DA:127,0
DA:137,0
DA:138,0
DA:148,0
DA:149,0
DA:159,0
DA:160,0
DA:170,0
DA:171,0
DA:181,0
DA:182,0
DA:189,0
DA:190,0
DA:192,0
DA:193,0
DA:203,0
DA:204,0
DA:214,0
DA:215,0
DA:225,0
DA:226,0
DA:236,0
DA:237,0
DA:244,0
DA:251,0
DA:258,0
DA:265,0
DA:272,0
DA:279,0
DA:280,0
DA:283,0
DA:284,0
DA:286,0
DA:287,0
DA:289,0
DA:290,0
DA:291,0
DA:292,0
DA:294,0
DA:297,0
DA:298,0
DA:299,0
DA:300,0
DA:302,0
DA:305,0
DA:312,0
DA:313,0
DA:314,0
DA:317,0
DA:318,0
DA:320,0
DA:321,0
DA:322,0
DA:323,0
DA:327,0
DA:328,0
DA:329,0
DA:330,0
DA:337,0
LF:79
LH:0
BRDA:53,0,0,0
BRDA:53,0,1,0
BRDA:64,1,0,0
BRDA:64,1,1,0
BRDA:76,2,0,0
BRDA:76,2,1,0
BRDA:89,3,0,0
BRDA:89,3,1,0
BRDA:92,4,0,0
BRDA:92,4,1,0
BRDA:103,5,0,0
BRDA:103,5,1,0
BRDA:106,6,0,0
BRDA:106,6,1,0
BRDA:126,7,0,0
BRDA:126,7,1,0
BRDA:126,8,0,0
BRDA:126,8,1,0
BRDA:137,9,0,0
BRDA:137,9,1,0
BRDA:137,10,0,0
BRDA:137,10,1,0
BRDA:148,11,0,0
BRDA:148,11,1,0
BRDA:148,12,0,0
BRDA:148,12,1,0
BRDA:159,13,0,0
BRDA:159,13,1,0
BRDA:159,14,0,0
BRDA:159,14,1,0
BRDA:170,15,0,0
BRDA:170,15,1,0
BRDA:170,16,0,0
BRDA:170,16,1,0
BRDA:192,17,0,0
BRDA:192,17,1,0
BRDA:192,18,0,0
BRDA:192,18,1,0
BRDA:203,19,0,0
BRDA:203,19,1,0
BRDA:203,20,0,0
BRDA:203,20,1,0
BRDA:214,21,0,0
BRDA:214,21,1,0
BRDA:214,22,0,0
BRDA:214,22,1,0
BRDA:225,23,0,0
BRDA:225,23,1,0
BRDA:225,24,0,0
BRDA:225,24,1,0
BRDA:279,25,0,0
BRDA:279,25,1,0
BRDA:289,26,0,0
BRDA:289,26,1,0
BRDA:297,27,0,0
BRDA:297,27,1,0
BRDA:312,28,0,0
BRDA:312,28,1,0
BRDA:320,29,0,0
BRDA:320,29,1,0
BRDA:327,30,0,0
BRDA:327,30,1,0
BRF:62
BRH:0
end_of_record
TN:
SF:src/core/domain/adoption.ts
FN:32,isValidListingStatusTransition
FN:66,isValidApplicationStatusTransition
FN:137,canEditListing
FN:145,canReceiveApplications
FN:153,canReviewApplication
FNF:5
FNH:0
FNDA:0,isValidListingStatusTransition
FNDA:0,isValidApplicationStatusTransition
FNDA:0,canEditListing
FNDA:0,canReceiveApplications
FNDA:0,canReviewApplication
DA:37,0
DA:38,0
DA:41,0
DA:44,0
DA:48,0
DA:52,0
DA:56,0
DA:59,0
DA:71,0
DA:72,0
DA:75,0
DA:78,0
DA:82,0
DA:86,0
DA:90,0
DA:93,0
DA:139,0
DA:147,0
DA:155,0
LF:19
LH:0
BRDA:37,0,0,0
BRDA:37,0,1,0
BRDA:41,1,0,0
BRDA:41,1,1,0
BRDA:41,1,2,0
BRDA:41,1,3,0
BRDA:41,1,4,0
BRDA:44,2,0,0
BRDA:44,2,1,0
BRDA:48,3,0,0
BRDA:48,3,1,0
BRDA:71,4,0,0
BRDA:71,4,1,0
BRDA:75,5,0,0
BRDA:75,5,1,0
BRDA:75,5,2,0
BRDA:75,5,3,0
BRDA:75,5,4,0
BRDA:82,6,0,0
BRDA:82,6,1,0
BRDA:139,7,0,0
BRDA:139,7,1,0
BRDA:155,8,0,0
BRDA:155,8,1,0
BRF:24
BRH:0
end_of_record
TN:
SF:src/core/domain/breeds.ts
FN:234,findBreedByName
FN:239,(anonymous_1)
FN:242,(anonymous_2)
FN:246,getBreedById
FN:247,(anonymous_4)
FNF:5
FNH:0
FNDA:0,findBreedByName
FNDA:0,(anonymous_1)
FNDA:0,(anonymous_2)
FNDA:0,getBreedById
FNDA:0,(anonymous_4)
DA:15,0
DA:139,0
DA:232,0
DA:235,0
DA:236,0
DA:238,0
DA:240,0
DA:242,0
DA:247,0
LF:9
LH:0
BRDA:236,0,0,0
BRDA:236,0,1,0
BRDA:240,1,0,0
BRDA:240,1,1,0
BRDA:240,1,2,0
BRF:5
BRH:0
end_of_record
TN:
SF:src/core/domain/business.ts
FN:32,getEntitlementsForPlan
FN:96,checkUsageWithinLimits
FN:164,isFeatureEnabled
FNF:3
FNH:0
FNDA:0,getEntitlementsForPlan
FNDA:0,checkUsageWithinLimits
FNDA:0,isFeatureEnabled
DA:33,0
DA:35,0
DA:48,0
DA:61,0
DA:74,0
DA:101,0
DA:103,0
DA:104,0
DA:106,0
DA:107,0
DA:108,0
DA:115,0
DA:123,0
DA:124,0
DA:125,0
DA:132,0
DA:140,0
DA:141,0
DA:142,0
DA:149,0
DA:157,0
DA:175,0
DA:177,0
DA:179,0
DA:181,0
DA:183,0
DA:185,0
DA:187,0
DA:189,0
DA:191,0
LF:30
LH:0
BRDA:33,0,0,0
BRDA:33,0,1,0
BRDA:33,0,2,0
BRDA:33,0,3,0
BRDA:101,1,0,0
BRDA:101,1,1,0
BRDA:101,1,2,0
BRDA:101,1,3,0
BRDA:103,2,0,0
BRDA:103,2,1,0
BRDA:107,3,0,0
BRDA:107,3,1,0
BRDA:124,4,0,0
BRDA:124,4,1,0
BRDA:141,5,0,0
BRDA:141,5,1,0
BRDA:175,6,0,0
BRDA:175,6,1,0
BRDA:175,6,2,0
BRDA:175,6,3,0
BRDA:175,6,4,0
BRDA:175,6,5,0
BRDA:175,6,6,0
BRDA:175,6,7,0
BRF:24
BRH:0
end_of_record
TN:
SF:src/core/domain/community.ts
FN:43,isValidPostStatusTransition
FN:74,isValidCommentStatusTransition
FN:104,canEditPost
FN:112,canReceiveComments
FN:120,canReceiveReactions
FN:128,canEditComment
FN:136,canCommentReceiveReactions
FN:144,canViewPost
FNF:8
FNH:0
FNDA:0,isValidPostStatusTransition
FNDA:0,isValidCommentStatusTransition
FNDA:0,canEditPost
FNDA:0,canReceiveComments
FNDA:0,canReceiveReactions
FNDA:0,canEditComment
FNDA:0,canCommentReceiveReactions
FNDA:0,canViewPost
DA:45,0
DA:46,0
DA:49,0
DA:52,0
DA:56,0
DA:60,0
DA:64,0
DA:67,0
DA:79,0
DA:80,0
DA:83,0
DA:86,0
DA:90,0
DA:94,0
DA:97,0
DA:106,0
DA:114,0
DA:122,0
DA:130,0
DA:138,0
DA:148,0
DA:150,0
DA:153,0
DA:156,0
DA:159,0
DA:162,0
LF:26
LH:0
BRDA:45,0,0,0
BRDA:45,0,1,0
BRDA:49,1,0,0
BRDA:49,1,1,0
BRDA:49,1,2,0
BRDA:49,1,3,0
BRDA:49,1,4,0
BRDA:52,2,0,0
BRDA:52,2,1,0
BRDA:79,3,0,0
BRDA:79,3,1,0
BRDA:83,4,0,0
BRDA:83,4,1,0
BRDA:83,4,2,0
BRDA:83,4,3,0
BRDA:86,5,0,0
BRDA:86,5,1,0
BRDA:106,6,0,0
BRDA:106,6,1,0
BRDA:148,7,0,0
BRDA:148,7,1,0
BRDA:148,7,2,0
BRDA:148,7,3,0
BRDA:148,7,4,0
BRDA:153,8,0,0
BRDA:153,8,1,0
BRDA:156,9,0,0
BRDA:156,9,1,0
BRF:28
BRH:0
end_of_record
TN:
SF:src/core/domain/lost-found.ts
FN:21,isValidLostAlertStatusTransition
FN:51,canReceiveSightings
FN:59,canEditAlert
FN:67,canMarkAsFound
FNF:4
FNH:0
FNDA:0,isValidLostAlertStatusTransition
FNDA:0,canReceiveSightings
FNDA:0,canEditAlert
FNDA:0,canMarkAsFound
DA:26,0
DA:27,0
DA:30,0
DA:33,0
DA:37,0
DA:41,0
DA:44,0
DA:53,0
DA:61,0
DA:69,0
LF:10
LH:0
BRDA:26,0,0,0
BRDA:26,0,1,0
BRDA:30,1,0,0
BRDA:30,1,1,0
BRDA:30,1,2,0
BRDA:30,1,3,0
BRDA:33,2,0,0
BRDA:33,2,1,0
BRF:8
BRH:0
end_of_record
TN:
SF:src/core/domain/matching-config.ts
FN:71,getSizeCompatibilityMatrix
FNF:1
FNH:0
FNDA:0,getSizeCompatibilityMatrix
DA:15,0
DA:27,0
DA:48,0
DA:57,0
DA:65,0
DA:72,0
DA:75,0
DA:94,0
LF:8
LH:0
BRDA:72,0,0,0
BRDA:72,0,1,0
BRF:2
BRH:0
end_of_record
TN:
SF:src/core/domain/matching-engine.ts
FN:34,validateNeuterPolicy
FN:56,evaluateHardGates
FN:108,(anonymous_2)
FN:109,(anonymous_3)
FN:161,calculateMatchScore
FN:210,scoreTemperamentFit
FN:219,(anonymous_6)
FN:240,scoreEnergyLevelFit
FN:264,scoreLifeStageProximity
FN:288,scoreSizeCompatibility
FN:314,scoreBreedCompatibility
FN:338,scoreSocializationCompatibility
FN:390,scoreIntentMatch
FN:396,(anonymous_13)
FN:414,scoreDistance
FN:444,scoreHealthBonus
FN:467,calculateDistance
FN:478,toRad
FNF:18
FNH:0
FNDA:0,validateNeuterPolicy
FNDA:0,evaluateHardGates
FNDA:0,(anonymous_2)
FNDA:0,(anonymous_3)
FNDA:0,calculateMatchScore
FNDA:0,scoreTemperamentFit
FNDA:0,(anonymous_6)
FNDA:0,scoreEnergyLevelFit
FNDA:0,scoreLifeStageProximity
FNDA:0,scoreSizeCompatibility
FNDA:0,scoreBreedCompatibility
FNDA:0,scoreSocializationCompatibility
FNDA:0,scoreIntentMatch
FNDA:0,(anonymous_13)
FNDA:0,scoreDistance
FNDA:0,scoreHealthBonus
FNDA:0,calculateDistance
FNDA:0,toRad
DA:38,0
DA:39,0
DA:40,0
DA:43,0
DA:44,0
DA:53,0
DA:62,0
DA:64,0
DA:65,0
DA:74,0
DA:75,0
DA:76,0
DA:86,0
DA:87,0
DA:88,0
DA:96,0
DA:97,0
DA:107,0
DA:108,0
DA:109,0
DA:110,0
DA:111,0
DA:121,0
DA:128,0
DA:129,0
DA:138,0
DA:139,0
DA:140,0
DA:141,0
DA:145,0
DA:146,0
DA:155,0
DA:166,0
DA:167,0
DA:169,0
DA:170,0
DA:171,0
DA:172,0
DA:173,0
DA:174,0
DA:175,0
DA:176,0
DA:177,0
DA:179,0
DA:193,0
DA:216,0
DA:217,0
DA:219,0
DA:220,0
DA:221,0
DA:223,0
DA:225,0
DA:226,0
DA:230,0
DA:231,0
DA:237,0
DA:246,0
DA:247,0
DA:249,0
DA:250,0
DA:254,0
DA:255,0
DA:261,0
DA:270,0
DA:271,0
DA:273,0
DA:274,0
DA:278,0
DA:279,0
DA:285,0
DA:294,0
DA:296,0
DA:297,0
DA:299,0
DA:300,0
DA:304,0
DA:306,0
DA:310,0
DA:320,0
DA:322,0
DA:323,0
DA:325,0
DA:327,0
DA:328,0
DA:332,0
DA:335,0
DA:344,0
DA:346,0
DA:347,0
DA:351,0
DA:352,0
DA:353,0
DA:357,0
DA:358,0
DA:363,0
DA:364,0
DA:368,0
DA:369,0
DA:370,0
DA:377,0
DA:381,0
DA:384,0
DA:387,0
DA:396,0
DA:398,0
DA:399,0
DA:403,0
DA:406,0
DA:411,0
DA:420,0
DA:427,0
DA:429,0
DA:430,0
DA:434,0
DA:435,0
DA:441,0
DA:450,0
DA:452,0
DA:453,0
DA:456,0
DA:457,0
DA:458,0
DA:464,0
DA:468,0
DA:469,0
DA:470,0
DA:472,0
DA:474,0
DA:475,0
DA:479,0
LF:130
LH:0
BRDA:38,0,0,0
BRDA:38,0,1,0
BRDA:39,1,0,0
BRDA:39,1,1,0
BRDA:43,2,0,0
BRDA:43,2,1,0
BRDA:43,3,0,0
BRDA:43,3,1,0
BRDA:64,4,0,0
BRDA:64,4,1,0
BRDA:64,5,0,0
BRDA:64,5,1,0
BRDA:74,6,0,0
BRDA:74,6,1,0
BRDA:75,7,0,0
BRDA:75,7,1,0
BRDA:75,8,0,0
BRDA:75,8,1,0
BRDA:86,9,0,0
BRDA:86,9,1,0
BRDA:87,10,0,0
BRDA:87,10,1,0
BRDA:87,11,0,0
BRDA:87,11,1,0
BRDA:96,12,0,0
BRDA:96,12,1,0
BRDA:96,13,0,0
BRDA:96,13,1,0
BRDA:107,14,0,0
BRDA:107,14,1,0
BRDA:110,15,0,0
BRDA:110,15,1,0
BRDA:110,16,0,0
BRDA:110,16,1,0
BRDA:128,17,0,0
BRDA:128,17,1,0
BRDA:128,18,0,0
BRDA:128,18,1,0
BRDA:138,19,0,0
BRDA:138,19,1,0
BRDA:140,20,0,0
BRDA:140,20,1,0
BRDA:145,21,0,0
BRDA:145,21,1,0
BRDA:145,22,0,0
BRDA:145,22,1,0
BRDA:223,23,0,0
BRDA:223,23,1,0
BRDA:225,24,0,0
BRDA:225,24,1,0
BRDA:230,25,0,0
BRDA:230,25,1,0
BRDA:249,26,0,0
BRDA:249,26,1,0
BRDA:254,27,0,0
BRDA:254,27,1,0
BRDA:273,28,0,0
BRDA:273,28,1,0
BRDA:278,29,0,0
BRDA:278,29,1,0
BRDA:294,30,0,0
BRDA:294,30,1,0
BRDA:297,31,0,0
BRDA:297,31,1,0
BRDA:299,32,0,0
BRDA:299,32,1,0
BRDA:320,33,0,0
BRDA:320,33,1,0
BRDA:325,34,0,0
BRDA:325,34,1,0
BRDA:325,35,0,0
BRDA:325,35,1,0
BRDA:327,36,0,0
BRDA:327,36,1,0
BRDA:327,37,0,0
BRDA:327,37,1,0
BRDA:327,37,2,0
BRDA:346,38,0,0
BRDA:346,38,1,0
BRDA:346,39,0,0
BRDA:346,39,1,0
BRDA:352,40,0,0
BRDA:352,40,1,0
BRDA:357,41,0,0
BRDA:357,41,1,0
BRDA:363,42,0,0
BRDA:363,42,1,0
BRDA:363,43,0,0
BRDA:363,43,1,0
BRDA:369,44,0,0
BRDA:369,44,1,0
BRDA:377,45,0,0
BRDA:377,45,1,0
BRDA:381,46,0,0
BRDA:381,46,1,0
BRDA:398,47,0,0
BRDA:398,47,1,0
BRDA:429,48,0,0
BRDA:429,48,1,0
BRDA:434,49,0,0
BRDA:434,49,1,0
BRDA:452,50,0,0
BRDA:452,50,1,0
BRDA:452,51,0,0
BRDA:452,51,1,0
BRDA:456,52,0,0
BRDA:456,52,1,0
BRDA:456,53,0,0
BRDA:456,53,1,0
BRF:109
BRH:0
end_of_record
TN:
SF:src/core/domain/ml-matching.ts
FN:95,(anonymous_0)
FN:140,(anonymous_1)
FN:154,(anonymous_2)
FN:155,(anonymous_3)
FN:200,(anonymous_4)
FN:217,(anonymous_5)
FN:249,(anonymous_6)
FN:260,(anonymous_7)
FN:271,(anonymous_8)
FN:282,(anonymous_9)
FN:305,(anonymous_10)
FN:312,(anonymous_11)
FN:347,(anonymous_12)
FN:360,(anonymous_13)
FN:366,(anonymous_14)
FN:368,(anonymous_15)
FN:382,(anonymous_16)
FN:389,(anonymous_17)
FN:429,getMLMatchingWeightAdjuster
FNF:19
FNH:0
FNDA:0,(anonymous_0)
FNDA:0,(anonymous_1)
FNDA:0,(anonymous_2)
FNDA:0,(anonymous_3)
FNDA:0,(anonymous_4)
FNDA:0,(anonymous_5)
FNDA:0,(anonymous_6)
FNDA:0,(anonymous_7)
FNDA:0,(anonymous_8)
FNDA:0,(anonymous_9)
FNDA:0,(anonymous_10)
FNDA:0,(anonymous_11)
FNDA:0,(anonymous_12)
FNDA:0,(anonymous_13)
FNDA:0,(anonymous_14)
FNDA:0,(anonymous_15)
FNDA:0,(anonymous_16)
FNDA:0,(anonymous_17)
FNDA:0,getMLMatchingWeightAdjuster
DA:15,0
DA:88,0
DA:89,0
DA:90,0
DA:96,0
DA:97,0
DA:102,0
DA:106,0
DA:109,0
DA:112,0
DA:115,0
DA:117,0
DA:125,0
DA:127,0
DA:134,0
DA:141,0
DA:154,0
DA:155,0
DA:158,0
DA:159,0
DA:162,0
DA:163,0
DA:164,0
DA:165,0
DA:166,0
DA:170,0
DA:171,0
DA:172,0
DA:173,0
DA:174,0
DA:175,0
DA:180,0
DA:181,0
DA:182,0
DA:183,0
DA:184,0
DA:185,0
DA:190,0
DA:191,0
DA:192,0
DA:193,0
DA:194,0
DA:195,0
DA:200,0
DA:201,0
DA:202,0
DA:203,0
DA:204,0
DA:205,0
DA:206,0
DA:211,0
DA:220,0
DA:221,0
DA:223,0
DA:224,0
DA:225,0
DA:226,0
DA:227,0
DA:228,0
DA:229,0
DA:234,0
DA:235,0
DA:236,0
DA:237,0
DA:238,0
DA:239,0
DA:243,0
DA:254,0
DA:265,0
DA:276,0
DA:283,0
DA:284,0
DA:285,0
DA:289,0
DA:309,0
DA:312,0
DA:315,0
DA:316,0
DA:318,0
DA:319,0
DA:320,0
DA:321,0
DA:324,0
DA:325,0
DA:326,0
DA:330,0
DA:331,0
DA:332,0
DA:333,0
DA:334,0
DA:341,0
DA:356,0
DA:357,0
DA:359,0
DA:360,0
DA:361,0
DA:362,0
DA:365,0
DA:366,0
DA:368,0
DA:370,0
DA:374,0
DA:376,0
DA:383,0
DA:396,0
DA:400,0
DA:401,0
DA:416,0
DA:419,0
DA:424,0
DA:430,0
DA:431,0
DA:433,0
LF:113
LH:0
BRDA:96,0,0,0
BRDA:96,0,1,0
BRDA:165,1,0,0
BRDA:165,1,1,0
BRDA:166,2,0,0
BRDA:166,2,1,0
BRDA:166,3,0,0
BRDA:166,3,1,0
BRDA:174,4,0,0
BRDA:174,4,1,0
BRDA:174,5,0,0
BRDA:174,5,1,0
BRDA:174,5,2,0
BRDA:184,6,0,0
BRDA:184,6,1,0
BRDA:184,7,0,0
BRDA:184,7,1,0
BRDA:184,7,2,0
BRDA:194,8,0,0
BRDA:194,8,1,0
BRDA:194,9,0,0
BRDA:194,9,1,0
BRDA:194,9,2,0
BRDA:201,10,0,0
BRDA:201,10,1,0
BRDA:202,11,0,0
BRDA:202,11,1,0
BRDA:205,12,0,0
BRDA:205,12,1,0
BRDA:224,13,0,0
BRDA:224,13,1,0
BRDA:228,14,0,0
BRDA:228,14,1,0
BRDA:228,15,0,0
BRDA:228,15,1,0
BRDA:229,16,0,0
BRDA:229,16,1,0
BRDA:238,17,0,0
BRDA:238,17,1,0
BRDA:238,18,0,0
BRDA:238,18,1,0
BRDA:239,19,0,0
BRDA:239,19,1,0
BRDA:284,20,0,0
BRDA:284,20,1,0
BRDA:320,21,0,0
BRDA:320,21,1,0
BRDA:324,22,0,0
BRDA:324,22,1,0
BRDA:330,23,0,0
BRDA:330,23,1,0
BRDA:333,24,0,0
BRDA:333,24,1,0
BRDA:361,25,0,0
BRDA:361,25,1,0
BRDA:383,26,0,0
BRDA:383,26,1,0
BRDA:400,27,0,0
BRDA:400,27,1,0
BRDA:400,28,0,0
BRDA:400,28,1,0
BRDA:402,29,0,0
BRDA:402,29,1,0
BRDA:403,30,0,0
BRDA:403,30,1,0
BRDA:404,31,0,0
BRDA:404,31,1,0
BRDA:405,32,0,0
BRDA:405,32,1,0
BRDA:407,33,0,0
BRDA:407,33,1,0
BRDA:409,34,0,0
BRDA:409,34,1,0
BRDA:410,35,0,0
BRDA:410,35,1,0
BRDA:411,36,0,0
BRDA:411,36,1,0
BRDA:413,37,0,0
BRDA:413,37,1,0
BRDA:430,38,0,0
BRDA:430,38,1,0
BRF:81
BRH:0
end_of_record
TN:
SF:src/core/domain/pet-model.ts
FNF:0
FNH:0
LF:0
LH:0
BRF:0
BRH:0
end_of_record
TN:
SF:src/core/domain/photo-moderation.ts
FN:77,isValidStatusTransition
FN:99,isPhotoVisible
FN:113,requiresKYC
FN:123,shouldQuarantine
FN:137,canAutoApprove
FNF:5
FNH:0
FNDA:0,isValidStatusTransition
FNDA:0,isPhotoVisible
FNDA:0,requiresKYC
FNDA:0,shouldQuarantine
FNDA:0,canAutoApprove
DA:81,0
DA:83,0
DA:92,0
DA:104,0
DA:105,0
DA:106,0
DA:114,0
DA:115,0
DA:116,0
DA:124,0
DA:125,0
DA:127,0
DA:128,0
DA:129,0
DA:130,0
DA:138,0
DA:139,0
DA:141,0
DA:142,0
DA:143,0
DA:144,0
DA:146,0
LF:22
LH:0
BRDA:81,0,0,0
BRDA:81,0,1,0
BRDA:92,1,0,0
BRDA:92,1,1,0
BRDA:104,2,0,0
BRDA:104,2,1,0
BRDA:105,3,0,0
BRDA:105,3,1,0
BRDA:105,4,0,0
BRDA:105,4,1,0
BRDA:114,5,0,0
BRDA:114,5,1,0
BRDA:115,6,0,0
BRDA:115,6,1,0
BRDA:115,7,0,0
BRDA:115,7,1,0
BRDA:127,8,0,0
BRDA:127,8,1,0
BRDA:128,9,0,0
BRDA:128,9,1,0
BRDA:129,10,0,0
BRDA:129,10,1,0
BRDA:141,11,0,0
BRDA:141,11,1,0
BRDA:142,12,0,0
BRDA:142,12,1,0
BRDA:143,13,0,0
BRDA:143,13,1,0
BRDA:144,14,0,0
BRDA:144,14,1,0
BRF:30
BRH:0
end_of_record
TN:
SF:src/core/domain/species.ts
FN:45,deriveLifeStage
FN:55,deriveSizeFromWeight
FNF:2
FNH:0
FNDA:0,deriveLifeStage
FNDA:0,deriveSizeFromWeight
DA:1,0
DA:4,0
DA:23,0
DA:26,0
DA:31,0
DA:39,0
DA:46,0
DA:47,0
DA:48,0
DA:49,0
DA:52,0
DA:56,0
DA:57,0
DA:58,0
DA:59,0
DA:60,0
DA:61,0
DA:63,0
DA:64,0
DA:65,0
LF:20
LH:0
BRDA:48,0,0,0
BRDA:48,0,1,0
BRDA:52,1,0,0
BRDA:52,1,1,0
BRDA:56,2,0,0
BRDA:56,2,1,0
BRDA:57,3,0,0
BRDA:57,3,1,0
BRDA:58,4,0,0
BRDA:58,4,1,0
BRDA:59,5,0,0
BRDA:59,5,1,0
BRDA:60,6,0,0
BRDA:60,6,1,0
BRDA:63,7,0,0
BRDA:63,7,1,0
BRDA:64,8,0,0
BRDA:64,8,1,0
BRF:18
BRH:0
end_of_record
TN:
SF:src/core/services/admin-sync-service.ts
FN:37,(anonymous_0)
FN:46,(anonymous_1)
FN:50,(anonymous_2)
FN:54,(anonymous_3)
FN:58,(anonymous_4)
FN:62,(anonymous_5)
FN:73,(anonymous_6)
FN:127,(anonymous_7)
FN:164,(anonymous_8)
FN:212,(anonymous_9)
FN:250,(anonymous_10)
FN:288,(anonymous_11)
FN:291,(anonymous_12)
FN:299,(anonymous_13)
FN:311,(anonymous_14)
FN:322,(anonymous_15)
FN:334,(anonymous_16)
FN:345,(anonymous_17)
FN:356,(anonymous_18)
FN:357,(anonymous_19)
FN:370,(anonymous_20)
FN:377,(anonymous_21)
FNF:22
FNH:0
FNDA:0,(anonymous_0)
FNDA:0,(anonymous_1)
FNDA:0,(anonymous_2)
FNDA:0,(anonymous_3)
FNDA:0,(anonymous_4)
FNDA:0,(anonymous_5)
FNDA:0,(anonymous_6)
FNDA:0,(anonymous_7)
FNDA:0,(anonymous_8)
FNDA:0,(anonymous_9)
FNDA:0,(anonymous_10)
FNDA:0,(anonymous_11)
FNDA:0,(anonymous_12)
FNDA:0,(anonymous_13)
FNDA:0,(anonymous_14)
FNDA:0,(anonymous_15)
FNDA:0,(anonymous_16)
FNDA:0,(anonymous_17)
FNDA:0,(anonymous_18)
FNDA:0,(anonymous_19)
FNDA:0,(anonymous_20)
FNDA:0,(anonymous_21)
DA:12,0
DA:30,0
DA:31,0
DA:32,0
DA:38,0
DA:39,0
DA:40,0
DA:43,0
DA:46,0
DA:47,0
DA:50,0
DA:51,0
DA:54,0
DA:55,0
DA:58,0
DA:59,0
DA:62,0
DA:63,0
DA:66,0
DA:67,0
DA:81,0
DA:82,0
DA:83,0
DA:86,0
DA:97,0
DA:99,0
DA:102,0
DA:105,0
DA:107,0
DA:114,0
DA:115,0
DA:133,0
DA:134,0
DA:135,0
DA:138,0
DA:149,0
DA:150,0
DA:151,0
DA:152,0
DA:154,0
DA:156,0
DA:157,0
DA:172,0
DA:173,0
DA:174,0
DA:177,0
DA:188,0
DA:189,0
DA:190,0
DA:191,0
DA:193,0
DA:200,0
DA:201,0
DA:219,0
DA:220,0
DA:221,0
DA:224,0
DA:235,0
DA:236,0
DA:237,0
DA:238,0
DA:240,0
DA:242,0
DA:243,0
DA:257,0
DA:258,0
DA:259,0
DA:262,0
DA:273,0
DA:274,0
DA:275,0
DA:276,0
DA:278,0
DA:280,0
DA:281,0
DA:289,0
DA:291,0
DA:292,0
DA:300,0
DA:301,0
DA:312,0
DA:313,0
DA:323,0
DA:324,0
DA:335,0
DA:336,0
DA:346,0
DA:347,0
DA:357,0
DA:358,0
DA:359,0
DA:361,0
DA:362,0
DA:371,0
DA:378,0
DA:379,0
DA:380,0
DA:381,0
DA:385,0
LF:99
LH:0
BRDA:38,0,0,0
BRDA:38,0,1,0
BRDA:79,1,0,0
BRDA:81,2,0,0
BRDA:81,2,1,0
BRDA:114,3,0,0
BRDA:114,3,1,0
BRDA:133,4,0,0
BRDA:133,4,1,0
BRDA:156,5,0,0
BRDA:156,5,1,0
BRDA:172,6,0,0
BRDA:172,6,1,0
BRDA:200,7,0,0
BRDA:200,7,1,0
BRDA:219,8,0,0
BRDA:219,8,1,0
BRDA:242,9,0,0
BRDA:242,9,1,0
BRDA:257,10,0,0
BRDA:257,10,1,0
BRDA:280,11,0,0
BRDA:280,11,1,0
BRDA:361,12,0,0
BRDA:361,12,1,0
BRDA:371,13,0,0
BRDA:371,13,1,0
BRF:27
BRH:0
end_of_record
TN:
SF:src/core/services/base-service.ts
FN:60,(anonymous_0)
FN:68,(anonymous_1)
FN:99,(anonymous_2)
FN:254,(anonymous_3)
FN:297,(anonymous_4)
FN:314,(anonymous_5)
FN:330,(anonymous_6)
FN:350,(anonymous_7)
FN:376,(anonymous_8)
FN:392,(anonymous_9)
FN:401,(anonymous_10)
FN:412,(anonymous_11)
FN:419,(anonymous_12)
FN:440,(anonymous_13)
FN:447,(anonymous_14)
FN:463,(anonymous_15)
FN:464,(anonymous_16)
FN:465,(anonymous_17)
FN:478,(anonymous_18)
FN:479,(anonymous_19)
FNF:20
FNH:0
FNDA:0,(anonymous_0)
FNDA:0,(anonymous_1)
FNDA:0,(anonymous_2)
FNDA:0,(anonymous_3)
FNDA:0,(anonymous_4)
FNDA:0,(anonymous_5)
FNDA:0,(anonymous_6)
FNDA:0,(anonymous_7)
FNDA:0,(anonymous_8)
FNDA:0,(anonymous_9)
FNDA:0,(anonymous_10)
FNDA:0,(anonymous_11)
FNDA:0,(anonymous_12)
FNDA:0,(anonymous_13)
FNDA:0,(anonymous_14)
FNDA:0,(anonymous_15)
FNDA:0,(anonymous_16)
FNDA:0,(anonymous_17)
FNDA:0,(anonymous_18)
FNDA:0,(anonymous_19)
DA:18,0
DA:56,0
DA:57,0
DA:58,0
DA:61,0
DA:62,0
DA:77,0
DA:79,0
DA:80,0
DA:83,0
DA:84,0
DA:85,0
DA:86,0
DA:93,0
DA:97,0
DA:99,0
DA:100,0
DA:102,0
DA:112,0
DA:113,0
DA:114,0
DA:116,0
DA:117,0
DA:119,0
DA:122,0
DA:132,0
DA:133,0
DA:134,0
DA:136,0
DA:137,0
DA:139,0
DA:142,0
DA:152,0
DA:153,0
DA:154,0
DA:156,0
DA:157,0
DA:159,0
DA:162,0
DA:172,0
DA:173,0
DA:174,0
DA:176,0
DA:177,0
DA:179,0
DA:182,0
DA:192,0
DA:193,0
DA:194,0
DA:196,0
DA:197,0
DA:199,0
DA:202,0
DA:208,0
DA:209,0
DA:211,0
DA:215,0
DA:216,0
DA:220,0
DA:221,0
DA:224,0
DA:225,0
DA:233,0
DA:235,0
DA:236,0
DA:238,0
DA:247,0
DA:255,0
DA:256,0
DA:257,0
DA:258,0
DA:264,0
DA:265,0
DA:266,0
DA:268,0
DA:271,0
DA:272,0
DA:273,0
DA:277,0
DA:279,0
DA:287,0
DA:291,0
DA:298,0
DA:299,0
DA:300,0
DA:304,0
DA:305,0
DA:308,0
DA:315,0
DA:316,0
DA:318,0
DA:319,0
DA:323,0
DA:331,0
DA:332,0
DA:333,0
DA:335,0
DA:336,0
DA:340,0
DA:341,0
DA:344,0
DA:352,0
DA:353,0
DA:355,0
DA:357,0
DA:359,0
DA:360,0
DA:361,0
DA:362,0
DA:364,0
DA:365,0
DA:367,0
DA:370,0
DA:377,0
DA:378,0
DA:379,0
DA:382,0
DA:383,0
DA:384,0
DA:385,0
DA:386,0
DA:389,0
DA:393,0
DA:394,0
DA:402,0
DA:403,0
DA:405,0
DA:413,0
DA:420,0
DA:423,0
DA:424,0
DA:428,0
DA:429,0
DA:441,0
DA:453,0
DA:454,0
DA:462,0
DA:463,0
DA:464,0
DA:465,0
DA:467,0
DA:479,0
LF:142
LH:0
BRDA:62,0,0,0
BRDA:62,0,1,0
BRDA:70,1,0,0
BRDA:77,2,0,0
BRDA:77,3,0,0
BRDA:80,4,0,0
BRDA:80,4,1,0
BRDA:83,5,0,0
BRDA:83,5,1,0
BRDA:83,6,0,0
BRDA:83,6,1,0
BRDA:85,7,0,0
BRDA:85,7,1,0
BRDA:100,8,0,0
BRDA:100,8,1,0
BRDA:100,8,2,0
BRDA:100,8,3,0
BRDA:100,8,4,0
BRDA:100,8,5,0
BRDA:102,9,0,0
BRDA:102,9,1,0
BRDA:104,10,0,0
BRDA:104,10,1,0
BRDA:105,11,0,0
BRDA:105,11,1,0
BRDA:106,12,0,0
BRDA:106,12,1,0
BRDA:113,13,0,0
BRDA:113,13,1,0
BRDA:116,14,0,0
BRDA:116,14,1,0
BRDA:122,15,0,0
BRDA:122,15,1,0
BRDA:124,16,0,0
BRDA:124,16,1,0
BRDA:125,17,0,0
BRDA:125,17,1,0
BRDA:126,18,0,0
BRDA:126,18,1,0
BRDA:133,19,0,0
BRDA:133,19,1,0
BRDA:136,20,0,0
BRDA:136,20,1,0
BRDA:142,21,0,0
BRDA:142,21,1,0
BRDA:144,22,0,0
BRDA:144,22,1,0
BRDA:145,23,0,0
BRDA:145,23,1,0
BRDA:146,24,0,0
BRDA:146,24,1,0
BRDA:153,25,0,0
BRDA:153,25,1,0
BRDA:156,26,0,0
BRDA:156,26,1,0
BRDA:162,27,0,0
BRDA:162,27,1,0
BRDA:164,28,0,0
BRDA:164,28,1,0
BRDA:165,29,0,0
BRDA:165,29,1,0
BRDA:166,30,0,0
BRDA:166,30,1,0
BRDA:173,31,0,0
BRDA:173,31,1,0
BRDA:176,32,0,0
BRDA:176,32,1,0
BRDA:182,33,0,0
BRDA:182,33,1,0
BRDA:184,34,0,0
BRDA:184,34,1,0
BRDA:185,35,0,0
BRDA:185,35,1,0
BRDA:186,36,0,0
BRDA:186,36,1,0
BRDA:193,37,0,0
BRDA:193,37,1,0
BRDA:196,38,0,0
BRDA:196,38,1,0
BRDA:208,39,0,0
BRDA:208,39,1,0
BRDA:208,40,0,0
BRDA:208,40,1,0
BRDA:215,41,0,0
BRDA:215,41,1,0
BRDA:215,42,0,0
BRDA:215,42,1,0
BRDA:215,42,2,0
BRDA:220,43,0,0
BRDA:220,43,1,0
BRDA:220,44,0,0
BRDA:220,44,1,0
BRDA:243,45,0,0
BRDA:243,45,1,0
BRDA:255,46,0,0
BRDA:255,46,1,0
BRDA:256,47,0,0
BRDA:256,47,1,0
BRDA:257,48,0,0
BRDA:257,48,1,0
BRDA:258,49,0,0
BRDA:258,49,1,0
BRDA:272,50,0,0
BRDA:272,50,1,0
BRDA:272,51,0,0
BRDA:272,51,1,0
BRDA:277,52,0,0
BRDA:277,52,1,0
BRDA:283,53,0,0
BRDA:283,53,1,0
BRDA:298,54,0,0
BRDA:298,54,1,0
BRDA:298,55,0,0
BRDA:298,55,1,0
BRDA:298,55,2,0
BRDA:304,56,0,0
BRDA:304,56,1,0
BRDA:304,57,0,0
BRDA:304,57,1,0
BRDA:318,58,0,0
BRDA:318,58,1,0
BRDA:331,59,0,0
BRDA:331,59,1,0
BRDA:331,60,0,0
BRDA:331,60,1,0
BRDA:332,61,0,0
BRDA:332,61,1,0
BRDA:332,62,0,0
BRDA:332,62,1,0
BRDA:335,63,0,0
BRDA:335,63,1,0
BRDA:335,64,0,0
BRDA:335,64,1,0
BRDA:340,65,0,0
BRDA:340,65,1,0
BRDA:352,66,0,0
BRDA:352,66,1,0
BRDA:353,67,0,0
BRDA:353,67,1,0
BRDA:355,68,0,0
BRDA:355,68,1,0
BRDA:359,69,0,0
BRDA:359,69,1,0
BRDA:361,70,0,0
BRDA:361,70,1,0
BRDA:364,71,0,0
BRDA:364,71,1,0
BRDA:378,72,0,0
BRDA:378,72,1,0
BRDA:383,73,0,0
BRDA:383,73,1,0
BRDA:384,74,0,0
BRDA:384,74,1,0
BRDA:397,75,0,0
BRDA:397,75,1,0
BRDA:402,76,0,0
BRDA:402,76,1,0
BRDA:423,77,0,0
BRDA:423,77,1,0
BRDA:428,78,0,0
BRDA:428,78,1,0
BRDA:453,79,0,0
BRDA:453,79,1,0
BRF:163
BRH:0
end_of_record
TN:
SF:src/core/services/config-broadcast-service.ts
FN:37,(anonymous_0)
FN:41,(anonymous_1)
FN:44,(anonymous_2)
FN:47,(anonymous_3)
FN:50,(anonymous_4)
FN:53,(anonymous_5)
FN:63,(anonymous_6)
FN:121,(anonymous_7)
FN:124,(anonymous_8)
FN:132,(anonymous_9)
FN:149,(anonymous_10)
FN:150,(anonymous_11)
FN:163,(anonymous_12)
FN:170,(anonymous_13)
FNF:14
FNH:0
FNDA:0,(anonymous_0)
FNDA:0,(anonymous_1)
FNDA:0,(anonymous_2)
FNDA:0,(anonymous_3)
FNDA:0,(anonymous_4)
FNDA:0,(anonymous_5)
FNDA:0,(anonymous_6)
FNDA:0,(anonymous_7)
FNDA:0,(anonymous_8)
FNDA:0,(anonymous_9)
FNDA:0,(anonymous_10)
FNDA:0,(anonymous_11)
FNDA:0,(anonymous_12)
FNDA:0,(anonymous_13)
DA:13,0
DA:30,0
DA:31,0
DA:32,0
DA:38,0
DA:41,0
DA:42,0
DA:44,0
DA:45,0
DA:47,0
DA:48,0
DA:50,0
DA:51,0
DA:53,0
DA:54,0
DA:57,0
DA:68,0
DA:70,0
DA:71,0
DA:72,0
DA:75,0
DA:84,0
DA:87,0
DA:88,0
DA:89,0
DA:90,0
DA:94,0
DA:102,0
DA:104,0
DA:110,0
DA:112,0
DA:113,0
DA:114,0
DA:122,0
DA:124,0
DA:125,0
DA:134,0
DA:137,0
DA:139,0
DA:150,0
DA:151,0
DA:152,0
DA:154,0
DA:155,0
DA:164,0
DA:171,0
DA:172,0
DA:176,0
LF:48
LH:0
BRDA:70,0,0,0
BRDA:70,0,1,0
BRDA:87,1,0,0
BRDA:87,1,1,0
BRDA:112,2,0,0
BRDA:112,2,1,0
BRDA:154,3,0,0
[...]
BRDA:35,0,0,0
BRDA:35,0,1,0
BRDA:44,1,0,0
BRDA:48,2,0,0
BRDA:48,2,1,0
BRDA:85,3,0,0
BRDA:85,3,1,0
BRDA:118,4,0,0
BRDA:118,4,1,0
BRF:9
BRH:0
end_of_record
TN:
SF:src/lib/security/audit-logger.ts
FN:24,(anonymous_0)
FN:61,(anonymous_1)
FN:74,(anonymous_2)
FN:87,(anonymous_3)
FN:99,(anonymous_4)
FN:113,(anonymous_5)
FN:126,(anonymous_6)
FN:129,(anonymous_7)
FN:134,(anonymous_8)
FN:155,(anonymous_9)
FN:178,(anonymous_10)
FN:191,(anonymous_11)
FN:200,(anonymous_12)
FNF:13
FNH:0
FNDA:0,(anonymous_0)
FNDA:0,(anonymous_1)
FNDA:0,(anonymous_2)
FNDA:0,(anonymous_3)
FNDA:0,(anonymous_4)
FNDA:0,(anonymous_5)
FNDA:0,(anonymous_6)
FNDA:0,(anonymous_7)
FNDA:0,(anonymous_8)
FNDA:0,(anonymous_9)
FNDA:0,(anonymous_10)
FNDA:0,(anonymous_11)
FNDA:0,(anonymous_12)
DA:4,0
DA:19,0
DA:20,0
DA:21,0
DA:22,0
DA:29,0
DA:30,0
DA:31,0
DA:33,0
DA:46,0
DA:49,0
DA:50,0
DA:51,0
DA:52,0
DA:54,0
DA:57,0
DA:67,0
DA:80,0
DA:92,0
DA:105,0
DA:119,0
DA:127,0
DA:129,0
DA:130,0
DA:135,0
DA:137,0
DA:138,0
DA:140,0
DA:141,0
DA:142,0
DA:145,0
DA:146,0
DA:147,0
DA:149,0
DA:151,0
DA:157,0
DA:158,0
DA:159,0
DA:160,0
DA:161,0
DA:162,0
DA:164,0
DA:169,0
DA:173,0
DA:175,0
DA:179,0
DA:181,0
DA:182,0
DA:183,0
DA:185,0
DA:186,0
DA:192,0
DA:196,0
DA:199,0
DA:200,0
DA:201,0
LF:56
LH:0
BRDA:27,0,0,0
BRDA:30,1,0,0
BRDA:30,1,1,0
BRDA:36,2,0,0
BRDA:36,2,1,0
BRDA:37,3,0,0
BRDA:37,3,1,0
BRDA:38,4,0,0
BRDA:38,4,1,0
BRDA:39,5,0,0
BRDA:39,5,1,0
BRDA:42,6,0,0
BRDA:42,6,1,0
BRDA:49,7,0,0
BRDA:49,7,1,0
BRDA:51,8,0,0
BRDA:51,8,1,0
BRDA:69,9,0,0
BRDA:69,9,1,0
BRDA:93,10,0,0
BRDA:93,10,1,0
BRDA:107,11,0,0
BRDA:107,11,1,0
BRDA:109,12,0,0
BRDA:109,12,1,0
BRDA:127,13,0,0
BRDA:127,13,1,0
BRDA:135,14,0,0
BRDA:135,14,1,0
BRDA:140,15,0,0
BRDA:140,15,1,0
BRDA:159,16,0,0
BRDA:159,16,1,0
BRDA:161,17,0,0
BRDA:161,17,1,0
BRDA:164,18,0,0
BRDA:164,18,1,0
BRDA:166,19,0,0
BRDA:166,19,1,0
BRDA:183,20,0,0
BRDA:183,20,1,0
BRDA:199,21,0,0
BRDA:199,21,1,0
BRF:43
BRH:0
end_of_record
TN:
SF:src/lib/security/biometric-storage.ts
FN:63,(anonymous_0)
FN:69,(anonymous_1)
FN:77,(anonymous_2)
FN:82,(anonymous_3)
FN:98,(anonymous_4)
FN:106,(anonymous_5)
FN:134,(anonymous_6)
FN:167,(anonymous_7)
FN:178,(anonymous_8)
FN:194,(anonymous_9)
FN:202,(anonymous_10)
FN:205,(anonymous_11)
FN:211,(anonymous_12)
FN:221,(anonymous_13)
FN:228,(anonymous_14)
FN:232,(anonymous_15)
FN:238,(anonymous_16)
FN:250,(anonymous_17)
FN:277,(anonymous_18)
FN:315,getBiometricStorage
FNF:20
FNH:0
FNDA:0,(anonymous_0)
FNDA:0,(anonymous_1)
FNDA:0,(anonymous_2)
FNDA:0,(anonymous_3)
FNDA:0,(anonymous_4)
FNDA:0,(anonymous_5)
FNDA:0,(anonymous_6)
FNDA:0,(anonymous_7)
FNDA:0,(anonymous_8)
FNDA:0,(anonymous_9)
FNDA:0,(anonymous_10)
FNDA:0,(anonymous_11)
FNDA:0,(anonymous_12)
FNDA:0,(anonymous_13)
FNDA:0,(anonymous_14)
FNDA:0,(anonymous_15)
FNDA:0,(anonymous_16)
FNDA:0,(anonymous_17)
FNDA:0,(anonymous_18)
FNDA:0,getBiometricStorage
DA:16,0
DA:60,0
DA:61,0
DA:64,0
DA:65,0
DA:66,0
DA:69,0
DA:70,0
DA:78,0
DA:79,0
DA:82,0
DA:83,0
DA:88,0
DA:99,0
DA:100,0
DA:107,0
DA:108,0
DA:110,0
DA:119,0
DA:121,0
DA:128,0
DA:135,0
DA:137,0
DA:138,0
DA:141,0
DA:142,0
DA:143,0
DA:147,0
DA:148,0
DA:152,0
DA:157,0
DA:158,0
DA:161,0
DA:168,0
DA:169,0
DA:170,0
DA:171,0
DA:179,0
DA:180,0
DA:181,0
DA:187,0
DA:195,0
DA:196,0
DA:203,0
DA:205,0
DA:206,0
DA:207,0
DA:211,0
DA:212,0
DA:215,0
DA:222,0
DA:229,0
DA:230,0
DA:232,0
DA:233,0
DA:234,0
DA:238,0
DA:239,0
DA:242,0
DA:243,0
DA:253,0
DA:254,0
DA:265,0
DA:266,0
DA:268,0
DA:278,0
DA:280,0
DA:282,0
DA:283,0
DA:284,0
DA:285,0
DA:286,0
DA:296,0
DA:297,0
DA:301,0
DA:306,0
DA:313,0
DA:316,0
DA:317,0
DA:319,0
LF:80
LH:0
BRDA:63,0,0,0
BRDA:64,1,0,0
BRDA:64,1,1,0
BRDA:65,2,0,0
BRDA:65,2,1,0
BRDA:66,3,0,0
BRDA:66,3,1,0
BRDA:84,4,0,0
BRDA:84,4,1,0
BRDA:100,5,0,0
BRDA:100,5,1,0
BRDA:137,6,0,0
BRDA:137,6,1,0
BRDA:141,7,0,0
BRDA:141,7,1,0
BRDA:147,8,0,0
BRDA:147,8,1,0
BRDA:147,9,0,0
BRDA:147,9,1,0
BRDA:152,10,0,0
BRDA:152,10,1,0
BRDA:153,11,0,0
BRDA:153,11,1,0
BRDA:169,12,0,0
BRDA:169,12,1,0
BRDA:180,13,0,0
BRDA:180,13,1,0
BRDA:206,14,0,0
BRDA:206,14,1,0
BRDA:222,15,0,0
BRDA:222,15,1,0
BRDA:233,16,0,0
BRDA:233,16,1,0
BRDA:242,17,0,0
BRDA:242,17,1,0
BRDA:269,18,0,0
BRDA:269,18,1,0
BRDA:284,19,0,0
BRDA:284,19,1,0
BRDA:284,20,0,0
BRDA:284,20,1,0
BRDA:285,21,0,0
BRDA:285,21,1,0
BRDA:302,22,0,0
BRDA:302,22,1,0
BRDA:316,23,0,0
BRDA:316,23,1,0
BRF:47
BRH:0
end_of_record
TN:
SF:src/lib/security/e2e-encryption.ts
FN:69,(anonymous_0)
FN:82,(anonymous_1)
FN:90,(anonymous_2)
FN:161,(anonymous_3)
FN:227,(anonymous_4)
FN:273,(anonymous_5)
FN:307,(anonymous_6)
FN:311,(anonymous_7)
FN:317,(anonymous_8)
FN:329,(anonymous_9)
FN:344,(anonymous_10)
FN:356,(anonymous_11)
FN:363,(anonymous_12)
FN:374,getE2EEncryptionService
FNF:14
FNH:0
FNDA:0,(anonymous_0)
FNDA:0,(anonymous_1)
FNDA:0,(anonymous_2)
FNDA:0,(anonymous_3)
FNDA:0,(anonymous_4)
FNDA:0,(anonymous_5)
FNDA:0,(anonymous_6)
FNDA:0,(anonymous_7)
FNDA:0,(anonymous_8)
FNDA:0,(anonymous_9)
FNDA:0,(anonymous_10)
FNDA:0,(anonymous_11)
FNDA:0,(anonymous_12)
FNDA:0,getE2EEncryptionService
DA:19,0
DA:67,0
DA:70,0
DA:71,0
DA:72,0
DA:74,0
DA:82,0
DA:83,0
DA:95,0
DA:96,0
DA:99,0
DA:102,0
DA:112,0
DA:115,0
DA:127,0
DA:136,0
DA:146,0
DA:148,0
DA:155,0
DA:168,0
DA:170,0
DA:171,0
DA:174,0
DA:175,0
DA:179,0
DA:182,0
DA:185,0
DA:186,0
DA:188,0
DA:198,0
DA:200,0
DA:214,0
DA:221,0
DA:228,0
DA:230,0
DA:231,0
DA:234,0
DA:235,0
DA:239,0
DA:240,0
DA:244,0
DA:247,0
DA:248,0
DA:250,0
DA:259,0
DA:260,0
DA:262,0
DA:267,0
DA:275,0
DA:284,0
DA:285,0
DA:301,0
DA:308,0
DA:309,0
DA:311,0
DA:312,0
DA:313,0
DA:317,0
DA:318,0
DA:321,0
DA:322,0
DA:330,0
DA:331,0
DA:332,0
DA:333,0
DA:334,0
DA:335,0
DA:338,0
DA:345,0
DA:346,0
DA:347,0
DA:348,0
DA:350,0
DA:357,0
DA:364,0
DA:365,0
DA:372,0
DA:375,0
DA:376,0
DA:378,0
LF:80
LH:0
BRDA:69,0,0,0
BRDA:70,1,0,0
BRDA:70,1,1,0
BRDA:71,2,0,0
BRDA:71,2,1,0
BRDA:72,3,0,0
BRDA:72,3,1,0
BRDA:76,4,0,0
BRDA:76,4,1,0
BRDA:95,5,0,0
BRDA:95,5,1,0
BRDA:170,6,0,0
BRDA:170,6,1,0
BRDA:174,7,0,0
BRDA:174,7,1,0
BRDA:206,8,0,0
BRDA:206,8,1,0
BRDA:209,9,0,0
BRDA:209,9,1,0
BRDA:230,10,0,0
BRDA:230,10,1,0
BRDA:234,11,0,0
BRDA:234,11,1,0
BRDA:239,12,0,0
BRDA:239,12,1,0
BRDA:239,13,0,0
BRDA:239,13,1,0
BRDA:312,14,0,0
BRDA:312,14,1,0
BRDA:321,15,0,0
BRDA:321,15,1,0
BRDA:334,16,0,0
BRDA:334,16,1,0
BRDA:357,17,0,0
BRDA:357,17,1,0
BRDA:375,18,0,0
BRDA:375,18,1,0
BRF:37
BRH:0
end_of_record
TN:
SF:src/lib/security/key-management.ts
FN:89,(anonymous_0)
FN:104,(anonymous_1)
FN:109,(anonymous_2)
FN:119,(anonymous_3)
FN:130,(anonymous_4)
FN:170,(anonymous_5)
FN:228,(anonymous_6)
FN:232,(anonymous_7)
FN:242,(anonymous_8)
FN:254,(anonymous_9)
FN:257,(anonymous_10)
FN:266,(anonymous_11)
FN:269,(anonymous_12)
FN:281,(anonymous_13)
FN:313,(anonymous_14)
FN:325,(anonymous_15)
FN:332,(anonymous_16)
FN:348,(anonymous_17)
FN:360,(anonymous_18)
FN:364,(anonymous_19)
FN:370,(anonymous_20)
FN:383,getKeyManager
FNF:22
FNH:0
FNDA:0,(anonymous_0)
FNDA:0,(anonymous_1)
FNDA:0,(anonymous_2)
FNDA:0,(anonymous_3)
FNDA:0,(anonymous_4)
FNDA:0,(anonymous_5)
FNDA:0,(anonymous_6)
FNDA:0,(anonymous_7)
FNDA:0,(anonymous_8)
FNDA:0,(anonymous_9)
FNDA:0,(anonymous_10)
FNDA:0,(anonymous_11)
FNDA:0,(anonymous_12)
FNDA:0,(anonymous_13)
FNDA:0,(anonymous_14)
FNDA:0,(anonymous_15)
FNDA:0,(anonymous_16)
FNDA:0,(anonymous_17)
FNDA:0,(anonymous_18)
FNDA:0,(anonymous_19)
FNDA:0,(anonymous_20)
FNDA:0,getKeyManager
DA:17,0
DA:84,0
DA:85,0
DA:86,0
DA:87,0
DA:90,0
DA:91,0
DA:92,0
DA:93,0
DA:94,0
DA:96,0
DA:97,0
DA:105,0
DA:106,0
DA:109,0
DA:110,0
DA:113,0
DA:120,0
DA:121,0
DA:122,0
DA:123,0
DA:136,0
DA:137,0
DA:139,0
DA:150,0
DA:153,0
DA:154,0
DA:155,0
DA:157,0
DA:164,0
DA:171,0
DA:173,0
DA:174,0
DA:175,0
DA:178,0
DA:179,0
DA:183,0
DA:187,0
DA:192,0
DA:195,0
DA:209,0
DA:212,0
DA:213,0
DA:214,0
DA:216,0
DA:222,0
DA:229,0
DA:230,0
DA:232,0
DA:233,0
DA:234,0
DA:238,0
DA:242,0
DA:243,0
DA:255,0
DA:256,0
DA:257,0
DA:260,0
DA:267,0
DA:269,0
DA:270,0
DA:271,0
DA:275,0
DA:287,0
DA:288,0
DA:298,0
DA:300,0
DA:307,0
DA:314,0
DA:316,0
DA:317,0
DA:318,0
DA:326,0
DA:335,0
DA:337,0
DA:338,0
DA:341,0
DA:342,0
DA:349,0
DA:351,0
DA:352,0
DA:353,0
DA:361,0
DA:362,0
DA:364,0
DA:365,0
DA:366,0
DA:370,0
DA:371,0
DA:374,0
DA:381,0
DA:384,0
DA:385,0
DA:387,0
LF:94
LH:0
BRDA:89,0,0,0
BRDA:90,1,0,0
BRDA:90,1,1,0
BRDA:91,2,0,0
BRDA:91,2,1,0
BRDA:92,3,0,0
BRDA:92,3,1,0
BRDA:93,4,0,0
BRDA:93,4,1,0
BRDA:94,5,0,0
BRDA:94,5,1,0
BRDA:96,6,0,0
BRDA:96,6,1,0
BRDA:105,7,0,0
BRDA:105,7,1,0
BRDA:120,8,0,0
BRDA:120,8,1,0
BRDA:136,9,0,0
BRDA:136,9,1,0
BRDA:145,10,0,0
BRDA:145,10,1,0
BRDA:153,11,0,0
BRDA:153,11,1,0
BRDA:173,12,0,0
BRDA:173,12,1,0
BRDA:178,13,0,0
BRDA:178,13,1,0
BRDA:202,14,0,0
BRDA:202,14,1,0
BRDA:212,15,0,0
BRDA:212,15,1,0
BRDA:233,16,0,0
BRDA:233,16,1,0
BRDA:233,17,0,0
BRDA:233,17,1,0
BRDA:233,17,2,0
BRDA:255,18,0,0
BRDA:255,18,1,0
BRDA:257,19,0,0
BRDA:257,19,1,0
BRDA:257,19,2,0
BRDA:257,19,3,0
BRDA:260,20,0,0
BRDA:260,20,1,0
BRDA:270,21,0,0
BRDA:270,21,1,0
BRDA:316,22,0,0
BRDA:316,22,1,0
BRDA:326,23,0,0
BRDA:326,23,1,0
BRDA:337,24,0,0
BRDA:337,24,1,0
BRDA:337,25,0,0
BRDA:337,25,1,0
BRDA:351,26,0,0
BRDA:351,26,1,0
BRDA:360,27,0,0
BRDA:365,28,0,0
BRDA:365,28,1,0
BRDA:365,29,0,0
BRDA:365,29,1,0
BRDA:365,29,2,0
BRDA:384,30,0,0
BRDA:384,30,1,0
BRF:64
BRH:0
end_of_record
TN:
SF:src/lib/security/security-config.ts
FN:14,(anonymous_0)
FN:26,(anonymous_1)
FN:52,(anonymous_2)
FN:58,(anonymous_3)
FN:67,(anonymous_4)
FN:73,(anonymous_5)
FN:83,(anonymous_6)
FN:93,(anonymous_7)
FN:105,(anonymous_8)
FN:113,(anonymous_9)
FN:131,(anonymous_10)
FN:144,(anonymous_11)
FN:153,(anonymous_12)
FN:163,(anonymous_13)
FN:166,(anonymous_14)
FN:178,(anonymous_15)
FN:183,(anonymous_16)
FN:216,(anonymous_17)
FN:231,(anonymous_18)
FNF:19
FNH:0
FNDA:0,(anonymous_0)
FNDA:0,(anonymous_1)
FNDA:0,(anonymous_2)
FNDA:0,(anonymous_3)
FNDA:0,(anonymous_4)
FNDA:0,(anonymous_5)
FNDA:0,(anonymous_6)
FNDA:0,(anonymous_7)
FNDA:0,(anonymous_8)
FNDA:0,(anonymous_9)
FNDA:0,(anonymous_10)
FNDA:0,(anonymous_11)
FNDA:0,(anonymous_12)
FNDA:0,(anonymous_13)
FNDA:0,(anonymous_14)
FNDA:0,(anonymous_15)
FNDA:0,(anonymous_16)
FNDA:0,(anonymous_17)
FNDA:0,(anonymous_18)
DA:9,0
DA:10,0
DA:16,0
DA:22,0
DA:27,0
DA:41,0
DA:42,0
DA:43,0
DA:44,0
DA:45,0
DA:48,0
DA:53,0
DA:54,0
DA:55,0
DA:59,0
DA:68,0
DA:73,0
DA:74,0
DA:75,0
DA:85,0
DA:93,0
DA:97,0
DA:106,0
DA:107,0
DA:113,0
DA:116,0
DA:117,0
DA:118,0
DA:119,0
DA:123,0
DA:124,0
DA:125,0
DA:127,0
DA:132,0
DA:134,0
DA:135,0
DA:137,0
DA:140,0
DA:145,0
DA:146,0
DA:148,0
DA:149,0
DA:154,0
DA:155,0
DA:156,0
DA:158,0
DA:164,0
DA:166,0
DA:167,0
DA:168,0
DA:170,0
DA:174,0
DA:179,0
DA:180,0
DA:187,0
DA:189,0
DA:190,0
DA:193,0
DA:194,0
DA:197,0
DA:198,0
DA:201,0
DA:202,0
DA:205,0
DA:206,0
DA:209,0
DA:218,0
DA:224,0
DA:225,0
DA:228,0
DA:233,0
DA:240,0
DA:241,0
DA:244,0
DA:248,0
DA:251,0
DA:252,0
DA:253,0
DA:254,0
LF:79
LH:0
BRDA:17,0,0,0
BRDA:17,0,1,0
BRDA:41,1,0,0
BRDA:41,1,1,0
BRDA:74,2,0,0
BRDA:74,2,1,0
BRDA:74,3,0,0
BRDA:74,3,1,0
BRDA:75,4,0,0
BRDA:75,4,1,0
BRDA:105,5,0,0
BRDA:105,6,0,0
BRDA:107,7,0,0
BRDA:107,7,1,0
BRDA:116,8,0,0
BRDA:116,8,1,0
BRDA:134,9,0,0
BRDA:134,9,1,0
BRDA:134,10,0,0
BRDA:134,10,1,0
BRDA:146,11,0,0
BRDA:146,11,1,0
BRDA:167,12,0,0
BRDA:167,12,1,0
BRDA:180,13,0,0
BRDA:180,13,1,0
BRDA:189,14,0,0
BRDA:189,14,1,0
BRDA:193,15,0,0
BRDA:193,15,1,0
BRDA:197,16,0,0
BRDA:197,16,1,0
BRDA:201,17,0,0
BRDA:201,17,1,0
BRDA:205,18,0,0
BRDA:205,18,1,0
BRDA:218,19,0,0
BRDA:218,19,1,0
BRDA:224,20,0,0
BRDA:224,20,1,0
BRDA:233,21,0,0
BRDA:233,21,1,0
BRDA:240,22,0,0
BRDA:240,22,1,0
BRDA:251,23,0,0
BRDA:251,23,1,0
BRF:46
BRH:0
end_of_record
TN:
SF:src/lib/types/database-query.ts
FN:32,isQueryOperator
FNF:1
FNH:0
FNDA:0,isQueryOperator
DA:33,0
LF:1
LH:0
BRDA:34,0,0,0
BRDA:34,0,1,0
BRDA:34,0,2,0
BRDA:34,0,3,0
BRDA:34,0,4,0
BRDA:34,0,5,0
BRDA:34,0,6,0
BRDA:34,0,7,0
BRDA:34,0,8,0
BRF:9
BRH:0
end_of_record
TN:
SF:src/lib/types/design-tokens.ts
FNF:0
FNH:0
LF:0
LH:0
BRF:0
BRH:0
end_of_record
TN:
SF:src/lib/types/performance-api.ts
FNF:0
FNH:0
LF:0
LH:0
BRF:0
BRH:0
end_of_record
TN:
SF:src/lib/webrtc/media-stream-manager.ts
FN:20,(anonymous_0)
FN:37,(anonymous_1)
FN:65,(anonymous_2)
FN:93,(anonymous_3)
FN:107,(anonymous_4)
FN:117,(anonymous_5)
FN:127,(anonymous_6)
FN:130,(anonymous_7)
FN:139,(anonymous_8)
FN:142,(anonymous_9)
FNF:10
FNH:0
FNDA:0,(anonymous_0)
FNDA:0,(anonymous_1)
FNDA:0,(anonymous_2)
FNDA:0,(anonymous_3)
FNDA:0,(anonymous_4)
FNDA:0,(anonymous_5)
FNDA:0,(anonymous_6)
FNDA:0,(anonymous_7)
FNDA:0,(anonymous_8)
FNDA:0,(anonymous_9)
DA:18,0
DA:20,0
DA:21,0
DA:38,0
DA:39,0
DA:40,0
DA:41,0
DA:44,0
DA:49,0
DA:50,0
DA:54,0
DA:56,0
DA:57,0
DA:58,0
DA:66,0
DA:67,0
DA:68,0
DA:69,0
DA:72,0
DA:77,0
DA:78,0
DA:82,0
DA:84,0
DA:85,0
DA:86,0
DA:94,0
DA:95,0
DA:98,0
DA:99,0
DA:100,0
DA:108,0
DA:109,0
DA:110,0
DA:118,0
DA:119,0
DA:120,0
DA:128,0
DA:129,0
DA:130,0
DA:132,0
DA:140,0
DA:141,0
DA:142,0
DA:144,0
DA:149,0
LF:45
LH:0
BRDA:21,0,0,0
BRDA:21,0,1,0
BRDA:37,1,0,0
BRDA:40,2,0,0
BRDA:40,2,1,0
BRDA:45,3,0,0
BRDA:45,3,1,0
BRDA:46,4,0,0
BRDA:46,4,1,0
BRDA:65,5,0,0
BRDA:68,6,0,0
BRDA:68,6,1,0
BRDA:73,7,0,0
BRDA:73,7,1,0
BRDA:74,8,0,0
BRDA:74,8,1,0
BRDA:94,9,0,0
BRDA:94,9,1,0
BRF:18
BRH:0
end_of_record
TN:
SF:src/lib/webrtc/peer-connection-manager.ts
FN:28,(anonymous_0)
FN:59,(anonymous_1)
FN:66,(anonymous_2)
FN:109,(anonymous_3)
FN:127,(anonymous_4)
FN:133,(anonymous_5)
FN:142,(anonymous_6)
FN:156,(anonymous_7)
FN:165,(anonymous_8)
FN:175,(anonymous_9)
FN:190,(anonymous_10)
FN:202,(anonymous_11)
FN:219,(anonymous_12)
FN:244,(anonymous_13)
FN:265,(anonymous_14)
FN:286,(anonymous_15)
FN:305,(anonymous_16)
FN:323,(anonymous_17)
FN:330,(anonymous_18)
FN:337,(anonymous_19)
FN:344,(anonymous_20)
FN:351,(anonymous_21)
FN:365,(anonymous_22)
FN:379,(anonymous_23)
FN:396,(anonymous_24)
FNF:25
FNH:0
FNDA:0,(anonymous_0)
FNDA:0,(anonymous_1)
FNDA:0,(anonymous_2)
FNDA:0,(anonymous_3)
FNDA:0,(anonymous_4)
FNDA:0,(anonymous_5)
FNDA:0,(anonymous_6)
FNDA:0,(anonymous_7)
FNDA:0,(anonymous_8)
FNDA:0,(anonymous_9)
FNDA:0,(anonymous_10)
FNDA:0,(anonymous_11)
FNDA:0,(anonymous_12)
FNDA:0,(anonymous_13)
FNDA:0,(anonymous_14)
FNDA:0,(anonymous_15)
FNDA:0,(anonymous_16)
FNDA:0,(anonymous_17)
FNDA:0,(anonymous_18)
FNDA:0,(anonymous_19)
FNDA:0,(anonymous_20)
FNDA:0,(anonymous_21)
FNDA:0,(anonymous_22)
FNDA:0,(anonymous_23)
FNDA:0,(anonymous_24)
DA:26,0
DA:28,0
DA:29,0
DA:53,0
DA:55,0
DA:56,0
DA:57,0
DA:60,0
DA:67,0
DA:70,0
DA:71,0
DA:72,0
DA:73,0
DA:77,0
DA:84,0
DA:85,0
DA:86,0
DA:87,0
DA:88,0
DA:89,0
DA:91,0
DA:92,0
DA:94,0
DA:98,0
DA:110,0
DA:112,0
DA:113,0
DA:114,0
DA:115,0
DA:117,0
DA:118,0
DA:119,0
DA:120,0
DA:128,0
DA:129,0
DA:133,0
DA:134,0
DA:135,0
DA:136,0
DA:137,0
DA:142,0
DA:143,0
DA:144,0
DA:145,0
DA:146,0
DA:149,0
DA:150,0
DA:156,0
DA:157,0
DA:158,0
DA:159,0
DA:160,0
DA:165,0
DA:166,0
DA:167,0
DA:168,0
DA:170,0
DA:175,0
DA:176,0
DA:180,0
DA:183,0
DA:184,0
DA:185,0
DA:190,0
DA:191,0
DA:203,0
DA:204,0
DA:207,0
DA:210,0
DA:211,0
DA:212,0
DA:220,0
DA:221,0
DA:225,0
DA:226,0
DA:227,0
DA:228,0
DA:233,0
DA:234,0
DA:237,0
DA:238,0
DA:245,0
DA:246,0
DA:249,0
DA:250,0
DA:251,0
DA:252,0
DA:253,0
DA:255,0
DA:256,0
DA:257,0
DA:258,0
DA:266,0
DA:267,0
DA:270,0
DA:271,0
DA:272,0
DA:273,0
DA:274,0
DA:276,0
DA:277,0
DA:278,0
DA:279,0
DA:287,0
DA:288,0
DA:291,0
DA:292,0
DA:293,0
DA:295,0
DA:296,0
DA:297,0
DA:298,0
DA:306,0
DA:307,0
DA:310,0
DA:311,0
DA:312,0
DA:314,0
DA:315,0
DA:324,0
DA:331,0
DA:338,0
DA:345,0
DA:352,0
DA:353,0
DA:356,0
DA:357,0
DA:358,0
DA:366,0
DA:367,0
DA:370,0
DA:371,0
DA:372,0
DA:380,0
DA:381,0
DA:384,0
DA:385,0
DA:387,0
DA:388,0
DA:389,0
DA:398,0
DA:401,0
DA:402,0
DA:403,0
DA:407,0
DA:410,0
DA:412,0
LF:147
LH:0
BRDA:29,0,0,0
BRDA:29,0,1,0
BRDA:59,1,0,0
BRDA:71,2,0,0
BRDA:71,2,1,0
BRDA:71,3,0,0
BRDA:71,3,1,0
BRDA:71,3,2,0
BRDA:85,4,0,0
BRDA:85,4,1,0
BRDA:85,5,0,0
BRDA:85,5,1,0
BRDA:85,5,2,0
BRDA:88,6,0,0
BRDA:88,6,1,0
BRDA:91,7,0,0
BRDA:91,7,1,0
BRDA:100,8,0,0
BRDA:100,8,1,0
BRDA:101,9,0,0
BRDA:101,9,1,0
BRDA:102,10,0,0
BRDA:102,10,1,0
BRDA:128,11,0,0
BRDA:128,11,1,0
BRDA:134,12,0,0
BRDA:134,12,1,0
BRDA:143,13,0,0
BRDA:143,13,1,0
BRDA:149,14,0,0
BRDA:149,14,1,0
BRDA:149,15,0,0
BRDA:149,15,1,0
BRDA:157,16,0,0
BRDA:157,16,1,0
BRDA:166,17,0,0
BRDA:166,17,1,0
BRDA:184,18,0,0
BRDA:184,18,1,0
BRDA:203,19,0,0
BRDA:203,19,1,0
BRDA:220,20,0,0
BRDA:220,20,1,0
BRDA:220,21,0,0
BRDA:220,21,1,0
BRDA:226,22,0,0
BRDA:226,22,1,0
BRDA:245,23,0,0
BRDA:245,23,1,0
BRDA:266,24,0,0
BRDA:266,24,1,0
BRDA:287,25,0,0
BRDA:287,25,1,0
BRDA:306,26,0,0
BRDA:306,26,1,0
BRDA:324,27,0,0
BRDA:324,27,1,0
BRDA:331,28,0,0
BRDA:331,28,1,0
BRDA:352,29,0,0
BRDA:352,29,1,0
BRDA:366,30,0,0
BRDA:366,30,1,0
BRDA:380,31,0,0
BRDA:380,31,1,0
BRDA:401,32,0,0
BRDA:401,32,1,0
BRF:67
BRH:0
end_of_record
TN:
SF:src/lib/webrtc/signaling-client.ts
FN:29,(anonymous_0)
FN:36,(anonymous_1)
FN:48,(anonymous_2)
FN:50,(anonymous_3)
FN:98,(anonymous_4)
FN:118,(anonymous_5)
FN:138,(anonymous_6)
FN:158,(anonymous_7)
FN:177,(anonymous_8)
FNF:9
FNH:0
FNDA:0,(anonymous_0)
FNDA:0,(anonymous_1)
FNDA:0,(anonymous_2)
FNDA:0,(anonymous_3)
FNDA:0,(anonymous_4)
FNDA:0,(anonymous_5)
FNDA:0,(anonymous_6)
FNDA:0,(anonymous_7)
FNDA:0,(anonymous_8)
DA:14,0
DA:26,0
DA:27,0
DA:30,0
DA:37,0
DA:39,0
DA:40,0
DA:41,0
DA:50,0
DA:51,0
DA:58,0
DA:59,0
DA:61,0
DA:62,0
DA:64,0
DA:66,0
DA:67,0
DA:73,0
DA:75,0
DA:76,0
DA:82,0
DA:84,0
DA:85,0
DA:88,0
DA:89,0
DA:90,0
DA:99,0
DA:100,0
DA:107,0
DA:109,0
DA:110,0
DA:111,0
DA:119,0
DA:120,0
DA:127,0
DA:129,0
DA:130,0
DA:131,0
DA:139,0
DA:140,0
DA:147,0
DA:149,0
DA:150,0
DA:151,0
DA:159,0
DA:160,0
DA:166,0
DA:168,0
DA:169,0
DA:170,0
DA:178,0
DA:179,0
LF:52
LH:0
BRDA:39,0,0,0
BRDA:39,0,1,0
BRDA:59,1,0,0
BRDA:59,1,1,0
BRDA:59,1,2,0
BRDA:59,1,3,0
BRDA:61,2,0,0
BRDA:61,2,1,0
BRDA:66,3,0,0
BRDA:66,3,1,0
BRDA:75,4,0,0
BRDA:75,4,1,0
BRDA:88,5,0,0
BRDA:88,5,1,0
BRDA:109,6,0,0
BRDA:109,6,1,0
BRDA:129,7,0,0
BRDA:129,7,1,0
BRDA:149,8,0,0
BRDA:149,8,1,0
BRDA:168,9,0,0
BRDA:168,9,1,0
BRF:22
BRH:0
end_of_record
TN:
SF:src/lib/webrtc/webrtc-types.ts
FNF:0
FNH:0
LF:0
LH:0
BRF:0
BRH:0
end_of_record
TN:
SF:src/routes/health.tsx
FN:25,healthzLoader
FN:52,readyzLoader
FN:94,(anonymous_2)
FNF:3
FNH:0
FNDA:0,healthzLoader
FNDA:0,readyzLoader
FNDA:0,(anonymous_2)
DA:5,0
DA:26,0
DA:28,0
DA:35,0
DA:37,0
DA:39,0
DA:53,0
DA:54,0
DA:57,0
DA:61,0
DA:64,0
DA:65,0
DA:66,0
DA:71,0
DA:79,0
DA:80,0
DA:85,0
DA:86,0
DA:93,0
DA:94,0
DA:96,0
DA:110,0
DA:116,0
LF:23
LH:0
BRDA:31,0,0,0
BRDA:31,0,1,0
BRDA:32,1,0,0
BRDA:32,1,1,0
BRDA:64,2,0,0
BRDA:64,2,1,0
BRDA:65,3,0,0
BRDA:65,3,1,0
BRDA:79,4,0,0
BRDA:79,4,1,0
BRDA:85,5,0,0
BRDA:85,5,1,0
BRDA:97,6,0,0
BRDA:97,6,1,0
BRDA:99,7,0,0
BRDA:99,7,1,0
BRDA:100,8,0,0
BRDA:100,8,1,0
BRDA:117,9,0,0
BRDA:117,9,1,0
BRF:20
BRH:0
end_of_record
TN:
SF:src/themes/high-contrast.ts
FN:114,getHighContrastTheme
FN:208,applyHighContrastTheme
FN:216,(anonymous_2)
FN:229,removeHighContrastTheme
FN:238,(anonymous_4)
FN:258,prefersReducedMotion
FN:269,getSystemTextSizeMultiplier
FNF:7
FNH:0
FNDA:0,getHighContrastTheme
FNDA:0,applyHighContrastTheme
FNDA:0,(anonymous_2)
FNDA:0,removeHighContrastTheme
FNDA:0,(anonymous_4)
FNDA:0,prefersReducedMotion
FNDA:0,getSystemTextSizeMultiplier
DA:18,0
DA:76,0
DA:95,0
DA:122,0
DA:125,0
DA:126,0
DA:127,0
DA:128,0
DA:129,0
DA:131,0
DA:137,0
DA:140,0
DA:146,0
DA:188,0
DA:190,0
DA:196,0
DA:209,0
DA:210,0
DA:213,0
DA:216,0
DA:217,0
DA:221,0
DA:223,0
DA:230,0
DA:231,0
DA:234,0
DA:237,0
DA:238,0
DA:239,0
DA:243,0
DA:252,0
DA:259,0
DA:260,0
DA:263,0
DA:270,0
DA:271,0
DA:274,0
DA:275,0
DA:276,0
DA:279,0
DA:280,0
DA:281,0
DA:282,0
DA:284,0
DA:291,0
LF:45
LH:0
BRDA:115,0,0,0
BRDA:118,1,0,0
BRDA:119,2,0,0
BRDA:120,3,0,0
BRDA:126,4,0,0
BRDA:126,4,1,0
BRDA:127,5,0,0
BRDA:127,5,1,0
BRDA:129,6,0,0
BRDA:129,6,1,0
BRDA:137,7,0,0
BRDA:137,7,1,0
BRDA:183,8,0,0
BRDA:183,8,1,0
BRDA:184,9,0,0
BRDA:184,9,1,0
BRDA:209,10,0,0
BRDA:209,10,1,0
BRDA:230,11,0,0
BRDA:230,11,1,0
BRDA:259,12,0,0
BRDA:259,12,1,0
BRDA:270,13,0,0
BRDA:270,13,1,0
BRDA:279,14,0,0
BRDA:279,14,1,0
BRDA:281,15,0,0
BRDA:281,15,1,0
BRF:28
BRH:0
end_of_record
TN:
SF:src/types/gesture-types.ts
FNF:0
FNH:0
LF:0
LH:0
BRF:0
BRH:0
end_of_record
TN:
SF:src/types/optional-with-undef.ts
FNF:0
FNH:0
LF:0
LH:0
BRF:0
BRH:0
end_of_record
