src/useOutbox.ts(2,28): error TS2307: Cannot find module '@/hooks/useStorage' or its corresponding type declarations.
src/useOutbox.ts(131,14): error TS7006: Parameter 'r' implicitly has an 'any' type.
undefined
/home/ben/Public/PETSPARK/packages/chat-core:
 ERR_PNPM_RECURSIVE_EXEC_FIRST_FAIL  Command failed with exit code 2: tsc --noEmit
