
> petspark-monorepo@0.1.0 typecheck /home/ben/Public/PETSPARK
> pnpm -r --filter './apps/*' --filter './packages/*' exec tsc --noEmit

src/useOutbox.ts(2,28): error TS2307: Cannot find module '@/hooks/useStorage' or its corresponding type declarations.
src/useOutbox.ts(131,14): error TS7006: Parameter 'r' implicitly has an 'any' type.
undefined
/home/ben/Public/PETSPARK/packages/chat-core:
 ERR_PNPM_RECURSIVE_EXEC_FIRST_FAIL  Command failed with exit code 2: tsc --noEmit
 ELIFECYCLE  Command failed with exit code 1.
